<?xml version="1.0" encoding="UTF-8"?>
<!-- Generated by org.testng.reporters.JUnitXMLReporter -->
<testsuite ignored="0" hostname="73155.local" failures="1" tests="3" name="Login Negative and Positive Tests" time="34.939" errors="0" timestamp="2025-07-23T23:50:12 EDT">
  <testcase classname="org.latiffsyed.tests.android.LoginFormValidationTest" name="FormLogin_ErrorValidationFailedTest" time="11.469">
    <failure type="java.lang.AssertionError" message="expected:&amp;lt;Please enter your name&amp;gt; but was:&amp;lt;Please your name&amp;gt;">
      <![CDATA[java.lang.AssertionError: expected:<Please enter your name> but was:<Please your name>
at org.latiffsyed.tests.android.LoginFormValidationTest.FormLogin_ErrorValidationFailedTest(LoginFormValidationTest.java:70)
at java.base/java.util.ArrayList.forEach(ArrayList.java:1596)
... Removed 31 stack frames]]>
    </failure>
  </testcase> <!-- FormLogin_ErrorValidationFailedTest -->
  <testcase classname="org.latiffsyed.tests.android.LoginFormValidationTest" name="FormLogin_ErrorValidationTest" time="5.562"/>
  <testcase classname="org.latiffsyed.tests.android.LoginFormValidationTest" name="FormLogin_PositiveFlowTest" time="13.864"/>
</testsuite> <!-- Login Negative and Positive Tests -->
