<?xml version="1.0" encoding="UTF-8"?>
<testsuite xmlns:xsi="http://www.w3.org/2001/XMLSchema-instance" xsi:noNamespaceSchemaLocation="https://maven.apache.org/surefire/maven-surefire-plugin/xsd/surefire-test-report.xsd" version="3.0.2" name="TestSuite" time="66.958" tests="5" errors="0" skipped="0" failures="1">
  <properties>
[...]
</properties>
  <testcase name="EndToEndOrderFlowTest[{gender=Female, name=Nadu Syed, country=Australia}](1)" classname="org.latiffsyed.tests.android.PurchaseOrderFlowTest" time="17.583">
    <system-out><![CDATA[Hello/Users/administrator/eclipse-workspace/AppiumFrameworkDesign//reports//index.html
>>> TestNG Listener: onStart()
127.0.0.1
&amp#27;[38;5;112m[Appium]&amp#27;[0m Welcome to Appium v2.19.0
&amp#27;[38;5;112m[Appium]&amp#27;[0m Non-default server args:
&amp#27;[38;5;112m[Appium]&amp#27;[0m { address: &amp#27;[32m'127.0.0.1'&amp#27;[39m }
&amp#27;[38;5;112m[Appium]&amp#27;[0m The autodetected Appium home path: /Users/administrator/.appium
&amp#27;[38;5;112m[Appium]&amp#27;[0m Attempting to load driver uiautomator2...
&amp#27;[38;5;112m[Appium]&amp#27;[0m Attempting to load driver xcuitest...
&amp#27;[38;5;112m[Appium]&amp#27;[0m Requiring driver at /Users/administrator/.appium/node_modules/appium-uiautomator2-driver/build/index.js
&amp#27;[38;5;112m[Appium]&amp#27;[0m Requiring driver at /Users/administrator/.appium/node_modules/appium-xcuitest-driver/build/index.js
&amp#27;[38;5;112m[Appium]&amp#27;[0m AndroidUiautomator2Driver has been successfully loaded in 0.268s
&amp#27;[38;5;112m[Appium]&amp#27;[0m XCUITestDriver has been successfully loaded in 0.575s
&amp#27;[38;5;112m[Appium]&amp#27;[0m Appium REST http interface listener started on http://127.0.0.1:4723
&amp#27;[38;5;112m[Appium]&amp#27;[0m Available drivers:
&amp#27;[38;5;112m[Appium]&amp#27;[0m   - uiautomator2@4.2.3 (automationName 'UiAutomator2')
&amp#27;[38;5;112m[Appium]&amp#27;[0m   - xcuitest@9.9.1 (automationName 'XCUITest')
&amp#27;[38;5;112m[Appium]&amp#27;[0m No plugins have been installed. Use the "appium plugin" command to install the one(s) you want to use.
&amp#27;[38;5;86m[HTTP]&amp#27;[0m &amp#27;[37m-->&amp#27;[39m &amp#27;[37mGET&amp#27;[39m &amp#27;[37m/status&amp#27;[39m &amp#27;[90m{}&amp#27;[39m
&amp#27;[38;5;159m[AppiumDriver@6f23]&amp#27;[0m Calling AppiumDriver.getStatus() with args: []
&amp#27;[38;5;159m[AppiumDriver@6f23]&amp#27;[0m Responding to client with driver.getStatus() result: {"ready":true,"message":"The server is ready to accept new connections","build":{"version":"2.19.0"}}
&amp#27;[38;5;86m[HTTP]&amp#27;[0m &amp#27;[37m<-- GET /status &amp#27;[39m&amp#27;[32m200&amp#27;[39m &amp#27;[90m1 ms - 111&amp#27;[39m &amp#27;[90m&amp#27;[39m
&amp#27;[38;5;86m[HTTP]&amp#27;[0m Request idempotency key: 8451a561-3d9d-49d7-b2ca-a2c223cf16f0
&amp#27;[38;5;86m[HTTP]&amp#27;[0m &amp#27;[37m-->&amp#27;[39m &amp#27;[37mPOST&amp#27;[39m &amp#27;[37m/session&amp#27;[39m &amp#27;[90m{"capabilities":{"firstMatch":[{"appium:chromedriverExecutable":"//Users//administrator//Documents//Chromedriver 138.0.7204.92//chromedriver-mac-x64//chromedriver","appium:deviceName":"LatiffPhone","platformName":"ANDROID","appium:automationName":"UIAutomator2","appium:app":"/Users/administrator/eclipse-workspace/AppiumFrameworkDesign//src//test//java//org//latiffsyed//resources//General-Store.apk"}]}}&amp#27;[39m
&amp#27;[38;5;159m[AppiumDriver@6f23]&amp#27;[0m Calling AppiumDriver.createSession() with args: [null,null,{"firstMatch":[{"appium:chromedriverExecutable":"//Users//administrator//Documents//Chromedriver 138.0.7204.92//chromedriver-mac-x64//chromedriver","appium:deviceName":"LatiffPhone","platformName":"ANDROID","appium:automationName":"UIAutomator2","appium:app":"/Users/administrator/eclipse-workspace/AppiumFrameworkDesign//src//test//java//org//latiffsyed//resources//General-Store.apk"}]}]
&amp#27;[38;5;159m[AppiumDriver@6f23]&amp#27;[0m Event 'newSessionRequested' logged at 1753328957560 (23:49:17 GMT-0400 (Eastern Daylight Time))
&amp#27;[38;5;112m[Appium]&amp#27;[0m Attempting to find matching driver for automationName 'UIAutomator2' and platformName 'ANDROID'
&amp#27;[38;5;112m[Appium]&amp#27;[0m The 'uiautomator2' driver was installed and matched caps.
&amp#27;[38;5;112m[Appium]&amp#27;[0m Will require it at /Users/administrator/.appium/node_modules/appium-uiautomator2-driver
&amp#27;[38;5;112m[Appium]&amp#27;[0m Requiring driver at /Users/administrator/.appium/node_modules/appium-uiautomator2-driver/build/index.js
&amp#27;[38;5;159m[AppiumDriver@6f23]&amp#27;[0m Appium v2.19.0 creating new AndroidUiautomator2Driver (v4.2.3) session
&amp#27;[38;5;159m[AppiumDriver@6f23]&amp#27;[0m Checking BaseDriver versions for Appium and AndroidUiautomator2Driver
&amp#27;[38;5;159m[AppiumDriver@6f23]&amp#27;[0m Appium's BaseDriver version is 9.18.0
&amp#27;[38;5;159m[AppiumDriver@6f23]&amp#27;[0m AndroidUiautomator2Driver's BaseDriver version is 9.18.0
&amp#27;[38;5;-183m[AndroidUiautomator2Driver@0804]&amp#27;[0m 
&amp#27;[38;5;-183m[AndroidUiautomator2Driver@0804]&amp#27;[0m Creating session with W3C capabilities: {
  "alwaysMatch": {
    "platformName": "ANDROID",
    "appium:chromedriverExecutable": "//Users//administrator//Documents//Chromedriver 138.0.7204.92//chromedriver-mac-x64//chromedriver",
    "appium:deviceName": "LatiffPhone",
    "appium:automationName": "UIAutomator2",
    "appium:app": "/Users/administrator/eclipse-workspace/AppiumFrameworkDesign//src//test//java//org//latiffsyed//resources//General-Store.apk"
  },
  "firstMatch": [
    {}
  ]
}
&amp#27;[38;5;77m[d4a1b95a]&amp#27;[0m&amp#27;[38;5;-183m[AndroidUiautomator2Driver@0804]&amp#27;[0m Session created with session id: d4a1b95a-aaac-4a9c-a6c9-7729cd7256d5
&amp#27;[38;5;77m[d4a1b95a]&amp#27;[0m&amp#27;[38;5;229m[ADB]&amp#27;[0m Found 3 'build-tools' folders under '/Users/administrator/Library/Android/sdk' (newest first):
&amp#27;[38;5;77m[d4a1b95a]&amp#27;[0m&amp#27;[38;5;229m[ADB]&amp#27;[0m     /Users/administrator/Library/Android/sdk/build-tools/36.0.0
&amp#27;[38;5;77m[d4a1b95a]&amp#27;[0m&amp#27;[38;5;229m[ADB]&amp#27;[0m     /Users/administrator/Library/Android/sdk/build-tools/35.0.1
&amp#27;[38;5;77m[d4a1b95a]&amp#27;[0m&amp#27;[38;5;229m[ADB]&amp#27;[0m     /Users/administrator/Library/Android/sdk/build-tools/35.0.0
&amp#27;[38;5;77m[d4a1b95a]&amp#27;[0m&amp#27;[38;5;229m[ADB]&amp#27;[0m Using 'adb' from '/Users/administrator/Library/Android/sdk/platform-tools/adb'
&amp#27;[38;5;77m[d4a1b95a]&amp#27;[0m&amp#27;[38;5;229m[ADB]&amp#27;[0m Running '/Users/administrator/Library/Android/sdk/platform-tools/adb -P 5037 start-server'
&amp#27;[38;5;77m[d4a1b95a]&amp#27;[0m&amp#27;[38;5;-183m[AndroidUiautomator2Driver@0804]&amp#27;[0m Retrieving device list
&amp#27;[38;5;77m[d4a1b95a]&amp#27;[0m&amp#27;[38;5;229m[ADB]&amp#27;[0m Trying to find connected Android devices
&amp#27;[38;5;77m[d4a1b95a]&amp#27;[0m&amp#27;[38;5;229m[ADB]&amp#27;[0m Getting connected devices
&amp#27;[38;5;77m[d4a1b95a]&amp#27;[0m&amp#27;[38;5;229m[ADB]&amp#27;[0m Connected devices: [{"udid":"emulator-5554","state":"device"}]
&amp#27;[38;5;77m[d4a1b95a]&amp#27;[0m&amp#27;[38;5;-183m[AndroidUiautomator2Driver@0804]&amp#27;[0m Using device: emulator-5554
&amp#27;[38;5;77m[d4a1b95a]&amp#27;[0m&amp#27;[38;5;229m[ADB]&amp#27;[0m Using 'adb' from '/Users/administrator/Library/Android/sdk/platform-tools/adb'
&amp#27;[38;5;77m[d4a1b95a]&amp#27;[0m&amp#27;[38;5;229m[ADB]&amp#27;[0m Running '/Users/administrator/Library/Android/sdk/platform-tools/adb -P 5037 start-server'
&amp#27;[38;5;77m[d4a1b95a]&amp#27;[0m&amp#27;[38;5;229m[ADB]&amp#27;[0m Setting device id to emulator-5554
&amp#27;[38;5;77m[d4a1b95a]&amp#27;[0m&amp#27;[38;5;123m[BaseDriver]&amp#27;[0m Using local app '/Users/administrator/eclipse-workspace/AppiumFrameworkDesign//src//test//java//org//latiffsyed//resources//General-Store.apk'
&amp#27;[38;5;77m[d4a1b95a]&amp#27;[0m&amp#27;[38;5;-183m[AndroidUiautomator2Driver@0804]&amp#27;[0m Checking whether app is actually present
&amp#27;[38;5;77m[d4a1b95a]&amp#27;[0m&amp#27;[38;5;229m[ADB]&amp#27;[0m Running '/Users/administrator/Library/Android/sdk/platform-tools/adb -P 5037 -s emulator-5554 shell getprop ro.build.version.sdk'
&amp#27;[38;5;77m[d4a1b95a]&amp#27;[0m&amp#27;[38;5;229m[ADB]&amp#27;[0m Current device property 'ro.build.version.sdk': 32
&amp#27;[38;5;77m[d4a1b95a]&amp#27;[0m&amp#27;[38;5;229m[ADB]&amp#27;[0m Getting device platform version
&amp#27;[38;5;77m[d4a1b95a]&amp#27;[0m&amp#27;[38;5;229m[ADB]&amp#27;[0m Running '/Users/administrator/Library/Android/sdk/platform-tools/adb -P 5037 -s emulator-5554 shell getprop ro.build.version.release'
&amp#27;[38;5;77m[d4a1b95a]&amp#27;[0m&amp#27;[38;5;229m[ADB]&amp#27;[0m Current device property 'ro.build.version.release': 12
&amp#27;[38;5;77m[d4a1b95a]&amp#27;[0m&amp#27;[38;5;229m[ADB]&amp#27;[0m Device API level: 32
&amp#27;[38;5;77m[d4a1b95a]&amp#27;[0m&amp#27;[38;5;-183m[AndroidUiautomator2Driver@0804]&amp#27;[0m Relaxing hidden api policy
&amp#27;[38;5;77m[d4a1b95a]&amp#27;[0m&amp#27;[38;5;229m[ADB]&amp#27;[0m Running '/Users/administrator/Library/Android/sdk/platform-tools/adb -P 5037 -s emulator-5554 shell 'settings put global hidden_api_policy_pre_p_apps 1;settings put global hidden_api_policy_p_apps 1;settings put global hidden_api_policy 1''
&amp#27;[38;5;77m[d4a1b95a]&amp#27;[0m&amp#27;[38;5;-183m[AndroidUiautomator2Driver@0804]&amp#27;[0m Parsing package and activity from the 'General-Store.apk' file manifest
&amp#27;[38;5;77m[d4a1b95a]&amp#27;[0m&amp#27;[38;5;229m[ADB]&amp#27;[0m Running '/Users/administrator/Library/Android/sdk/platform-tools/adb -P 5037 -s emulator-5554 wait-for-device'
&amp#27;[38;5;77m[d4a1b95a]&amp#27;[0m&amp#27;[38;5;229m[ADB]&amp#27;[0m Using 'aapt2' from '/Users/administrator/Library/Android/sdk/build-tools/36.0.0/aapt2'
&amp#27;[38;5;77m[d4a1b95a]&amp#27;[0m&amp#27;[38;5;229m[ADB]&amp#27;[0m Reading package manifest: '/Users/administrator/Library/Android/sdk/build-tools/36.0.0/aapt2 dump badging /Users/administrator/eclipse-workspace/AppiumFrameworkDesign//src//test//java//org//latiffsyed//resources//General-Store.apk'
&amp#27;[38;5;77m[d4a1b95a]&amp#27;[0m&amp#27;[38;5;229m[ADB]&amp#27;[0m Running '/Users/administrator/Library/Android/sdk/platform-tools/adb -P 5037 -s emulator-5554 shell echo ping'
&amp#27;[38;5;77m[d4a1b95a]&amp#27;[0m&amp#27;[38;5;-183m[AndroidUiautomator2Driver@0804]&amp#27;[0m Pushing settings apk to the device...
&amp#27;[38;5;77m[d4a1b95a]&amp#27;[0m&amp#27;[38;5;229m[ADB]&amp#27;[0m Getting package info for 'io.appium.settings'
&amp#27;[38;5;77m[d4a1b95a]&amp#27;[0m&amp#27;[38;5;229m[ADB]&amp#27;[0m Running '/Users/administrator/Library/Android/sdk/platform-tools/adb -P 5037 -s emulator-5554 shell dumpsys package io.appium.settings'
&amp#27;[38;5;77m[d4a1b95a]&amp#27;[0m&amp#27;[38;5;229m[ADB]&amp#27;[0m Package name: 'com.androidsample.generalstore'
&amp#27;[38;5;77m[d4a1b95a]&amp#27;[0m&amp#27;[38;5;229m[ADB]&amp#27;[0m Main activity name: 'com.androidsample.generalstore.SplashActivity'
&amp#27;[38;5;77m[d4a1b95a]&amp#27;[0m&amp#27;[38;5;-183m[AndroidUiautomator2Driver@0804]&amp#27;[0m Resolved launch package -> activity: com.androidsample.generalstore -> com.androidsample.generalstore.SplashActivity
&amp#27;[38;5;77m[d4a1b95a]&amp#27;[0m&amp#27;[38;5;-183m[AndroidUiautomator2Driver@0804]&amp#27;[0m Resolved wait package -> activity: com.androidsample.generalstore -> com.androidsample.generalstore.SplashActivity
&amp#27;[38;5;77m[d4a1b95a]&amp#27;[0m&amp#27;[38;5;229m[ADB]&amp#27;[0m Reading package manifest: '/Users/administrator/Library/Android/sdk/build-tools/36.0.0/aapt2 dump badging /Users/administrator/.appium/node_modules/appium-uiautomator2-driver/node_modules/io.appium.settings/apks/settings_apk-debug.apk'
&amp#27;[38;5;77m[d4a1b95a]&amp#27;[0m&amp#27;[38;5;229m[ADB]&amp#27;[0m The version name of the installed 'io.appium.settings' is greater or equal to the application version name ('5.14.8' >= '5.14.8')
&amp#27;[38;5;77m[d4a1b95a]&amp#27;[0m&amp#27;[38;5;229m[ADB]&amp#27;[0m There is no need to install/upgrade '/Users/administrator/.appium/node_modules/appium-uiautomator2-driver/node_modules/io.appium.settings/apks/settings_apk-debug.apk'
&amp#27;[38;5;77m[d4a1b95a]&amp#27;[0m&amp#27;[38;5;229m[ADB]&amp#27;[0m Running '/Users/administrator/Library/Android/sdk/platform-tools/adb -P 5037 -s emulator-5554 shell dumpsys activity services io.appium.settings'
&amp#27;[38;5;77m[d4a1b95a]&amp#27;[0m&amp#27;[38;5;-183m[AndroidUiautomator2Driver@0804]&amp#27;[0m io.appium.settings is already running. There is no need to reset its permissions.
&amp#27;[38;5;77m[d4a1b95a]&amp#27;[0m&amp#27;[38;5;160m[Logcat]&amp#27;[0m Starting logs capture with command: /Users/administrator/Library/Android/sdk/platform-tools/adb -P 5037 -s emulator-5554 logcat -v threadtime
&amp#27;[38;5;77m[d4a1b95a]&amp#27;[0m&amp#27;[38;5;-183m[AndroidUiautomator2Driver@0804]&amp#27;[0m Forwarding UiAutomator2 Server port 6790 to local port 8200
&amp#27;[38;5;77m[d4a1b95a]&amp#27;[0m&amp#27;[38;5;229m[ADB]&amp#27;[0m Forwarding system: 8200 to device: 6790
&amp#27;[38;5;77m[d4a1b95a]&amp#27;[0m&amp#27;[38;5;229m[ADB]&amp#27;[0m Running '/Users/administrator/Library/Android/sdk/platform-tools/adb -P 5037 -s emulator-5554 forward tcp:8200 tcp:6790'
&amp#27;[38;5;77m[d4a1b95a]&amp#27;[0m&amp#27;[38;5;-183m[AndroidUiautomator2Driver@0804]&amp#27;[0m UIA2Proxy options: {"server":"127.0.0.1","port":8200,"keepAlive":true,"scheme":"http","base":"","reqBasePath":"","sessionId":null,"timeout":240000}
&amp#27;[38;5;77m[d4a1b95a]&amp#27;[0m&amp#27;[38;5;229m[ADB]&amp#27;[0m Getting package info for 'io.appium.uiautomator2.server'
&amp#27;[38;5;77m[d4a1b95a]&amp#27;[0m&amp#27;[38;5;229m[ADB]&amp#27;[0m Running '/Users/administrator/Library/Android/sdk/platform-tools/adb -P 5037 -s emulator-5554 shell dumpsys package io.appium.uiautomator2.server'
&amp#27;[38;5;77m[d4a1b95a]&amp#27;[0m&amp#27;[38;5;229m[ADB]&amp#27;[0m Getting install status for io.appium.uiautomator2.server.test
&amp#27;[38;5;77m[d4a1b95a]&amp#27;[0m&amp#27;[38;5;229m[ADB]&amp#27;[0m Checking app cert for /Users/administrator/eclipse-workspace/AppiumFrameworkDesign//src//test//java//org//latiffsyed//resources//General-Store.apk
&amp#27;[38;5;77m[d4a1b95a]&amp#27;[0m&amp#27;[38;5;229m[ADB]&amp#27;[0m Running '/Users/administrator/Library/Android/sdk/platform-tools/adb -P 5037 -s emulator-5554 shell cmd package list packages'
&amp#27;[38;5;77m[d4a1b95a]&amp#27;[0m&amp#27;[38;5;229m[ADB]&amp#27;[0m Using 'apksigner.jar' from '/Users/administrator/Library/Android/sdk/build-tools/36.0.0/lib/apksigner.jar'
&amp#27;[38;5;77m[d4a1b95a]&amp#27;[0m&amp#27;[38;5;229m[ADB]&amp#27;[0m Starting apksigner: /Library/Java/JavaVirtualMachines/jdk-21.jdk/Contents/Home/bin/java -Xmx1024M -Xss1m -jar /Users/administrator/Library/Android/sdk/build-tools/36.0.0/lib/apksigner.jar verify --print-certs /Users/administrator/eclipse-workspace/AppiumFrameworkDesign//src//test//java//org//latiffsyed//resources//General-Store.apk
&amp#27;[38;5;77m[d4a1b95a]&amp#27;[0m&amp#27;[38;5;229m[ADB]&amp#27;[0m 'io.appium.uiautomator2.server.test' is installed
&amp#27;[38;5;77m[d4a1b95a]&amp#27;[0m&amp#27;[38;5;229m[ADB]&amp#27;[0m Reading package manifest: '/Users/administrator/Library/Android/sdk/build-tools/36.0.0/aapt2 dump badging /Users/administrator/.appium/node_modules/appium-uiautomator2-driver/node_modules/appium-uiautomator2-server/apks/appium-uiautomator2-server-v7.5.2.apk'
&amp#27;[38;5;77m[d4a1b95a]&amp#27;[0m&amp#27;[38;5;229m[ADB]&amp#27;[0m The version name of the installed 'io.appium.uiautomator2.server' is greater or equal to the application version name ('7.5.2' >= '7.5.2')
&amp#27;[38;5;77m[d4a1b95a]&amp#27;[0m&amp#27;[38;5;-183m[AndroidUiautomator2Driver@0804]&amp#27;[0m Server packages status: [{"installState":"sameVersionInstalled","appPath":"/Users/administrator/.appium/node_modules/appium-uiautomator2-driver/node_modules/appium-uiautomator2-server/apks/appium-uiautomator2-server-v7.5.2.apk","appId":"io.appium.uiautomator2.server"},{"installState":"sameVersionInstalled","appPath":"/Users/administrator/.appium/node_modules/appium-uiautomator2-driver/node_modules/appium-uiautomator2-server/apks/appium-uiautomator2-server-debug-androidTest.apk","appId":"io.appium.uiautomator2.server.test"}]
&amp#27;[38;5;77m[d4a1b95a]&amp#27;[0m&amp#27;[38;5;-183m[AndroidUiautomator2Driver@0804]&amp#27;[0m Server packages are not going to be (re)installed
&amp#27;[38;5;77m[d4a1b95a]&amp#27;[0m&amp#27;[38;5;-183m[AndroidUiautomator2Driver@0804]&amp#27;[0m Waiting up to 30000ms for services to be available
&amp#27;[38;5;77m[d4a1b95a]&amp#27;[0m&amp#27;[38;5;229m[ADB]&amp#27;[0m Running '/Users/administrator/Library/Android/sdk/platform-tools/adb -P 5037 -s emulator-5554 shell pm list instrumentation'
&amp#27;[38;5;77m[d4a1b95a]&amp#27;[0m&amp#27;[38;5;-183m[AndroidUiautomator2Driver@0804]&amp#27;[0m Instrumentation target 'io.appium.uiautomator2.server.test/androidx.test.runner.AndroidJUnitRunner' is available
&amp#27;[38;5;77m[d4a1b95a]&amp#27;[0m&amp#27;[38;5;229m[ADB]&amp#27;[0m Adding packages ["io.appium.settings","io.appium.uiautomator2.server","io.appium.uiautomator2.server.test"] to Doze whitelist
&amp#27;[38;5;77m[d4a1b95a]&amp#27;[0m&amp#27;[38;5;229m[ADB]&amp#27;[0m Got the following command chunks to execute: [["dumpsys","deviceidle","whitelist","+io.appium.settings",";","dumpsys","deviceidle","whitelist","+io.appium.uiautomator2.server",";","dumpsys","deviceidle","whitelist","+io.appium.uiautomator2.server.test",";"]]
&amp#27;[38;5;77m[d4a1b95a]&amp#27;[0m&amp#27;[38;5;229m[ADB]&amp#27;[0m Running '/Users/administrator/Library/Android/sdk/platform-tools/adb -P 5037 -s emulator-5554 shell dumpsys deviceidle whitelist +io.appium.settings ; dumpsys deviceidle whitelist +io.appium.uiautomator2.server ; dumpsys deviceidle whitelist +io.appium.uiautomator2.server.test ;'
&amp#27;[38;5;77m[d4a1b95a]&amp#27;[0m&amp#27;[38;5;229m[ADB]&amp#27;[0m apksigner stdout: Signer #1 certificate DN: EMAILADDRESS=android@android.com, CN=Android, OU=Android, O=Android, L=Mountain View, ST=California, C=US
Signer #1 certificate SHA-256 digest: a40da80a59d170caa950cf15c18c454d47a39b26989d8b640ecd745ba71bf5dc
Signer #1 certificate SHA-1 digest: 61ed377e85d386a8dfee6b864bd85b0bfaa5af81
Signer #1 certificate MD5 digest: e89b158e4bcf988ebd09eb83f5378e87

&amp#27;[38;5;77m[d4a1b95a]&amp#27;[0m&amp#27;[38;5;229m[ADB]&amp#27;[0m sha256 hash did match for 'General-Store.apk'
&amp#27;[38;5;77m[d4a1b95a]&amp#27;[0m&amp#27;[38;5;229m[ADB]&amp#27;[0m '/Users/administrator/eclipse-workspace/AppiumFrameworkDesign//src//test//java//org//latiffsyed//resources//General-Store.apk' is signed with the default certificate
&amp#27;[38;5;77m[d4a1b95a]&amp#27;[0m&amp#27;[38;5;229m[ADB]&amp#27;[0m Getting package info for 'com.androidsample.generalstore'
&amp#27;[38;5;77m[d4a1b95a]&amp#27;[0m&amp#27;[38;5;229m[ADB]&amp#27;[0m Running '/Users/administrator/Library/Android/sdk/platform-tools/adb -P 5037 -s emulator-5554 shell dumpsys package com.androidsample.generalstore'
&amp#27;[38;5;77m[d4a1b95a]&amp#27;[0m&amp#27;[38;5;229m[ADB]&amp#27;[0m Reading package manifest: '/Users/administrator/Library/Android/sdk/build-tools/36.0.0/aapt2 dump badging /Users/administrator/eclipse-workspace/AppiumFrameworkDesign//src//test//java//org//latiffsyed//resources//General-Store.apk'
&amp#27;[38;5;77m[d4a1b95a]&amp#27;[0m&amp#27;[38;5;229m[ADB]&amp#27;[0m The version name of the installed 'com.androidsample.generalstore' is greater or equal to the application version name ('1.0.0' >= '1.0.0')
&amp#27;[38;5;77m[d4a1b95a]&amp#27;[0m&amp#27;[38;5;229m[ADB]&amp#27;[0m There is no need to install/upgrade '/Users/administrator/eclipse-workspace/AppiumFrameworkDesign//src//test//java//org//latiffsyed//resources//General-Store.apk'
&amp#27;[38;5;77m[d4a1b95a]&amp#27;[0m&amp#27;[38;5;-183m[AndroidUiautomator2Driver@0804]&amp#27;[0m Performing fast reset on 'com.androidsample.generalstore'
&amp#27;[38;5;77m[d4a1b95a]&amp#27;[0m&amp#27;[38;5;229m[ADB]&amp#27;[0m Getting install status for com.androidsample.generalstore
&amp#27;[38;5;77m[d4a1b95a]&amp#27;[0m&amp#27;[38;5;229m[ADB]&amp#27;[0m Running '/Users/administrator/Library/Android/sdk/platform-tools/adb -P 5037 -s emulator-5554 shell cmd package list packages'
&amp#27;[38;5;77m[d4a1b95a]&amp#27;[0m&amp#27;[38;5;229m[ADB]&amp#27;[0m 'com.androidsample.generalstore' is installed
&amp#27;[38;5;77m[d4a1b95a]&amp#27;[0m&amp#27;[38;5;229m[ADB]&amp#27;[0m Running '/Users/administrator/Library/Android/sdk/platform-tools/adb -P 5037 -s emulator-5554 shell am force-stop com.androidsample.generalstore'
&amp#27;[38;5;77m[d4a1b95a]&amp#27;[0m&amp#27;[38;5;229m[ADB]&amp#27;[0m Running '/Users/administrator/Library/Android/sdk/platform-tools/adb -P 5037 -s emulator-5554 shell pm clear com.androidsample.generalstore'
&amp#27;[38;5;77m[d4a1b95a]&amp#27;[0m&amp#27;[38;5;-183m[AndroidUiautomator2Driver@0804]&amp#27;[0m Performed fast reset on the installed 'com.androidsample.generalstore' application (stop and clear)
&amp#27;[38;5;77m[d4a1b95a]&amp#27;[0m&amp#27;[38;5;-183m[AndroidUiautomator2Driver@0804]&amp#27;[0m Performing shallow cleanup of automation leftovers
&amp#27;[38;5;77m[d4a1b95a]&amp#27;[0m&amp#27;[38;5;-183m[AndroidUiautomator2Driver@0804]&amp#27;[0m No obsolete sessions have been detected (socket hang up)
&amp#27;[38;5;77m[d4a1b95a]&amp#27;[0m&amp#27;[38;5;229m[ADB]&amp#27;[0m Running '/Users/administrator/Library/Android/sdk/platform-tools/adb -P 5037 -s emulator-5554 shell am force-stop io.appium.uiautomator2.server'
&amp#27;[38;5;77m[d4a1b95a]&amp#27;[0m&amp#27;[38;5;229m[ADB]&amp#27;[0m Running '/Users/administrator/Library/Android/sdk/platform-tools/adb -P 5037 -s emulator-5554 shell am force-stop io.appium.uiautomator2.server.test'
&amp#27;[38;5;77m[d4a1b95a]&amp#27;[0m&amp#27;[38;5;-183m[AndroidUiautomator2Driver@0804]&amp#27;[0m Starting UIAutomator2 server 7.5.2
&amp#27;[38;5;77m[d4a1b95a]&amp#27;[0m&amp#27;[38;5;-183m[AndroidUiautomator2Driver@0804]&amp#27;[0m Using UIAutomator2 server from '/Users/administrator/.appium/node_modules/appium-uiautomator2-driver/node_modules/appium-uiautomator2-server/apks/appium-uiautomator2-server-v7.5.2.apk' and test from '/Users/administrator/.appium/node_modules/appium-uiautomator2-driver/node_modules/appium-uiautomator2-server/apks/appium-uiautomator2-server-debug-androidTest.apk'
&amp#27;[38;5;77m[d4a1b95a]&amp#27;[0m&amp#27;[38;5;-183m[AndroidUiautomator2Driver@0804]&amp#27;[0m Waiting up to 30000ms for UiAutomator2 to be online...
&amp#27;[38;5;77m[d4a1b95a]&amp#27;[0m&amp#27;[38;5;229m[ADB]&amp#27;[0m Creating ADB subprocess with args: ["-P","5037","-s","emulator-5554","shell","am","instrument","-w","-e","disableAnalytics","true","io.appium.uiautomator2.server.test/androidx.test.runner.AndroidJUnitRunner"]
&amp#27;[38;5;77m[d4a1b95a]&amp#27;[0m&amp#27;[38;5;-183m[AndroidUiautomator2Driver@0804]&amp#27;[0m Matched '/status' to command name 'getStatus'
&amp#27;[38;5;77m[d4a1b95a]&amp#27;[0m&amp#27;[38;5;-183m[AndroidUiautomator2Driver@0804]&amp#27;[0m Proxying [GET /status] to [GET http://127.0.0.1:8200/status] with no body
&amp#27;[38;5;77m[d4a1b95a]&amp#27;[0m&amp#27;[38;5;-183m[AndroidUiautomator2Driver@0804]&amp#27;[0m socket hang up
&amp#27;[38;5;77m[d4a1b95a]&amp#27;[0m&amp#27;[38;5;-183m[AndroidUiautomator2Driver@0804]&amp#27;[0m [Instrumentation] 
&amp#27;[38;5;77m[d4a1b95a]&amp#27;[0m&amp#27;[38;5;-183m[AndroidUiautomator2Driver@0804]&amp#27;[0m Matched '/status' to command name 'getStatus'
&amp#27;[38;5;77m[d4a1b95a]&amp#27;[0m&amp#27;[38;5;-183m[AndroidUiautomator2Driver@0804]&amp#27;[0m Proxying [GET /status] to [GET http://127.0.0.1:8200/status] with no body
&amp#27;[38;5;77m[d4a1b95a]&amp#27;[0m&amp#27;[38;5;-183m[AndroidUiautomator2Driver@0804]&amp#27;[0m Got response with status 200: {"sessionId":"None","value":{"message":"UiAutomator2 Server is ready to accept commands","ready":true}}
&amp#27;[38;5;77m[d4a1b95a]&amp#27;[0m&amp#27;[38;5;-183m[AndroidUiautomator2Driver@0804]&amp#27;[0m The initialization of the instrumentation process took 1064ms
&amp#27;[38;5;77m[d4a1b95a]&amp#27;[0m&amp#27;[38;5;-183m[AndroidUiautomator2Driver@0804]&amp#27;[0m Matched '/session' to command name 'createSession'
&amp#27;[38;5;77m[d4a1b95a]&amp#27;[0m&amp#27;[38;5;-183m[AndroidUiautomator2Driver@0804]&amp#27;[0m Proxying [POST /session] to [POST http://127.0.0.1:8200/session] with body: {"capabilities":{"firstMatch":[{"platformName":"ANDROID","chromedriverExecutable":"//Users//administrator//Documents//Chromedriver 138.0.7204.92//chromedriver-mac-x64//chromedriver","deviceName":"emulator-5554","automationName":"UIAutomator2","app":"/Users/administrator/eclipse-workspace/AppiumFrameworkDesign//src//test//java//org//latiffsyed//resources//General-Store.apk","platform":"LINUX","webStorageEnabled":false,"takesScreenshot":true,"javascriptEnabled":true,"databaseEnabled":false,"networkConnectionEnabled":true,"locationContextEnabled":false,"warnings":{},"desired":{"platformName":"ANDROID","chromedriverExecutable":"//Users//administrator//Documents//Chromedriver 138.0.7204.92//chromedriver-mac-x64//chromedriver","deviceName":"LatiffPhone","automationName":"UIAutomator2","app":"/Users/administrator/eclipse-workspace/AppiumFrameworkDesign//src//test//java//org//latiffsyed//resources//General-Store.apk"},"deviceUDID":"emulator-5554","appPackage":"com.androidsample.generalstore","appActivity":"com.and...
&amp#27;[38;5;77m[d4a1b95a]&amp#27;[0m&amp#27;[38;5;-183m[AndroidUiautomator2Driver@0804]&amp#27;[0m Got response with status 200: {"sessionId":"ccc822a8-3c70-4f89-80b4-4aed707196b0","value":{"capabilities":{"firstMatch":[{"platformName":"ANDROID","chromedriverExecutable":"//Users//administrator//Documents//Chromedriver 138.0.7204.92//chromedriver-mac-x64//chromedriver","deviceName":"emulator-5554","automationName":"UIAutomator2","app":"/Users/administrator/eclipse-workspace/AppiumFrameworkDesign//src//test//java//org//latiffsyed//resources//General-Store.apk","platform":"LINUX","webStorageEnabled":false,"takesScreenshot":true,"javascriptEnabled":true,"databaseEnabled":false,"networkConnectionEnabled":true,"locationContextEnabled":false,"warnings":{},"desired":{"platformName":"ANDROID","chromedriverExecutable":"//Users//administrator//Documents//Chromedriver 138.0.7204.92//chromedriver-mac-x64//chromedriver","deviceName":"LatiffPhone","automationName":"UIAutomator2","app":"/Users/administrator/eclipse-workspace/AppiumFrameworkDesign//src//test//java//org//latiffsyed//resources//General-Store.apk"},"deviceUDID":"emulator-5554","appPack...
&amp#27;[38;5;77m[d4a1b95a]&amp#27;[0m&amp#27;[38;5;-183m[AndroidUiautomator2Driver@0804]&amp#27;[0m Determined the downstream protocol as 'W3C'
&amp#27;[38;5;77m[d4a1b95a]&amp#27;[0m&amp#27;[38;5;-183m[AndroidUiautomator2Driver@0804]&amp#27;[0m Proxying [GET /appium/device/pixel_ratio] to [GET http://127.0.0.1:8200/session/ccc822a8-3c70-4f89-80b4-4aed707196b0/appium/device/pixel_ratio] with no body
&amp#27;[38;5;77m[d4a1b95a]&amp#27;[0m&amp#27;[38;5;-183m[AndroidUiautomator2Driver@0804]&amp#27;[0m Matched '/appium/device/system_bars' to command name 'getSystemBars'
&amp#27;[38;5;77m[d4a1b95a]&amp#27;[0m&amp#27;[38;5;-183m[AndroidUiautomator2Driver@0804]&amp#27;[0m Proxying [GET /appium/device/system_bars] to [GET http://127.0.0.1:8200/session/ccc822a8-3c70-4f89-80b4-4aed707196b0/appium/device/system_bars] with no body
&amp#27;[38;5;77m[d4a1b95a]&amp#27;[0m&amp#27;[38;5;-183m[AndroidUiautomator2Driver@0804]&amp#27;[0m Matched '/window/current/size' to command name 'getWindowSize'
&amp#27;[38;5;77m[d4a1b95a]&amp#27;[0m&amp#27;[38;5;-183m[AndroidUiautomator2Driver@0804]&amp#27;[0m Proxying [GET /window/current/size] to [GET http://127.0.0.1:8200/session/ccc822a8-3c70-4f89-80b4-4aed707196b0/window/current/size] with no body
&amp#27;[38;5;77m[d4a1b95a]&amp#27;[0m&amp#27;[38;5;-183m[AndroidUiautomator2Driver@0804]&amp#27;[0m Proxying [GET /appium/device/info] to [GET http://127.0.0.1:8200/session/ccc822a8-3c70-4f89-80b4-4aed707196b0/appium/device/info] with no body
&amp#27;[38;5;77m[d4a1b95a]&amp#27;[0m&amp#27;[38;5;229m[ADB]&amp#27;[0m Running '/Users/administrator/Library/Android/sdk/platform-tools/adb -P 5037 -s emulator-5554 shell dumpsys window'
&amp#27;[38;5;77m[d4a1b95a]&amp#27;[0m&amp#27;[38;5;229m[ADB]&amp#27;[0m Running '/Users/administrator/Library/Android/sdk/platform-tools/adb -P 5037 -s emulator-5554 shell dumpsys power'
&amp#27;[38;5;77m[d4a1b95a]&amp#27;[0m&amp#27;[38;5;-183m[AndroidUiautomator2Driver@0804]&amp#27;[0m Got response with status 200: {"sessionId":"ccc822a8-3c70-4f89-80b4-4aed707196b0","value":2.75}
&amp#27;[38;5;77m[d4a1b95a]&amp#27;[0m&amp#27;[38;5;-183m[AndroidUiautomator2Driver@0804]&amp#27;[0m Got response with status 200: {"sessionId":"ccc822a8-3c70-4f89-80b4-4aed707196b0","value":{"statusBar":66}}
&amp#27;[38;5;77m[d4a1b95a]&amp#27;[0m&amp#27;[38;5;-183m[AndroidUiautomator2Driver@0804]&amp#27;[0m Got response with status 200: {"sessionId":"ccc822a8-3c70-4f89-80b4-4aed707196b0","value":{"height":2220,"width":1080}}
&amp#27;[38;5;77m[d4a1b95a]&amp#27;[0m&amp#27;[38;5;-183m[AndroidUiautomator2Driver@0804]&amp#27;[0m Got response with status 200: {"sessionId":"ccc822a8-3c70-4f89-80b4-4aed707196b0","value":{"androidId":"5f96aaf4fe72de32","apiVersion":"32","bluetooth":{"state":"ON"},"brand":"google","carrierName":"T-Mobile","displayDensity":440,"locale":"en_US","manufacturer":"Google","model":"sdk_gphone64_arm64","networks":[{"capabilities":{"SSID":null,"linkDownBandwidthKbps":4300,"linkUpstreamBandwidthKbps":1800,"networkCapabilities":"NET_CAPABILITY_MMS,NET_CAPABILITY_SUPL,NET_CAPABILITY_DUN,NET_CAPABILITY_FOTA,NET_CAPABILITY_IMS,NET_CAPABILITY_CBS,NET_CAPABILITY_INTERNET,NET_CAPABILITY_NOT_RESTRICTED,NET_CAPABILITY_TRUSTED,NET_CAPABILITY_NOT_VPN,NET_CAPABILITY_VALIDATED,NET_CAPABILITY_NOT_ROAMING,NET_CAPABILITY_NOT_CONGESTED,NET_CAPABILITY_NOT_SUSPENDED","signalStrength":-2147483648,"transportTypes":"TRANSPORT_CELLULAR"},"detailedState":"CONNECTED","extraInfo":"epc.tmobile.com","isAvailable":true,"isConnected":true,"isFailover":false,"isRoaming":false,"state":"CONNECTED","subtype":10,"subtypeName":"HSPA","type":0,"typeName":"MOBILE"},{"capabilitie...
&amp#27;[38;5;77m[d4a1b95a]&amp#27;[0m&amp#27;[38;5;-183m[AndroidUiautomator2Driver@0804]&amp#27;[0m Screen already unlocked, doing nothing
&amp#27;[38;5;77m[d4a1b95a]&amp#27;[0m&amp#27;[38;5;-183m[AndroidUiautomator2Driver@0804]&amp#27;[0m Starting 'com.androidsample.generalstore/com.androidsample.generalstore.SplashActivity' and waiting for 'com.androidsample.generalstore/com.androidsample.generalstore.SplashActivity'
&amp#27;[38;5;77m[d4a1b95a]&amp#27;[0m&amp#27;[38;5;229m[ADB]&amp#27;[0m Running '/Users/administrator/Library/Android/sdk/platform-tools/adb -P 5037 -s emulator-5554 shell am start-activity -W -n com.androidsample.generalstore/com.androidsample.generalstore.SplashActivity -S -a android.intent.action.MAIN -c android.intent.category.LAUNCHER -f 0x10200000'
&amp#27;[38;5;77m[d4a1b95a]&amp#27;[0m&amp#27;[38;5;229m[ADB]&amp#27;[0m Expected package names to be focused within 20000ms: 'com.androidsample.generalstore'
&amp#27;[38;5;77m[d4a1b95a]&amp#27;[0m&amp#27;[38;5;229m[ADB]&amp#27;[0m Expected activity name patterns to be focused within 20000ms: '/^com\.androidsample\.generalstore\.SplashActivity$/'
&amp#27;[38;5;77m[d4a1b95a]&amp#27;[0m&amp#27;[38;5;229m[ADB]&amp#27;[0m Getting focused package and activity
&amp#27;[38;5;77m[d4a1b95a]&amp#27;[0m&amp#27;[38;5;229m[ADB]&amp#27;[0m Running '/Users/administrator/Library/Android/sdk/platform-tools/adb -P 5037 -s emulator-5554 shell dumpsys window displays'
&amp#27;[38;5;77m[d4a1b95a]&amp#27;[0m&amp#27;[38;5;229m[ADB]&amp#27;[0m Focused package: com.androidsample.generalstore
&amp#27;[38;5;77m[d4a1b95a]&amp#27;[0m&amp#27;[38;5;229m[ADB]&amp#27;[0m Focused fully qualified activity name: com.androidsample.generalstore.SplashActivity
&amp#27;[38;5;77m[d4a1b95a]&amp#27;[0m&amp#27;[38;5;159m[AppiumDriver@6f23]&amp#27;[0m New AndroidUiautomator2Driver session created successfully, session d4a1b95a-aaac-4a9c-a6c9-7729cd7256d5 added to master session list
&amp#27;[38;5;77m[d4a1b95a]&amp#27;[0m&amp#27;[38;5;159m[AppiumDriver@6f23]&amp#27;[0m Event 'newSessionStarted' logged at 1753328959770 (23:49:19 GMT-0400 (Eastern Daylight Time))
&amp#27;[38;5;77m[d4a1b95a]&amp#27;[0m&amp#27;[38;5;-183m[AndroidUiautomator2Driver@0804]&amp#27;[0m Cached the protocol value 'W3C' for the new session d4a1b95a-aaac-4a9c-a6c9-7729cd7256d5
&amp#27;[38;5;77m[d4a1b95a]&amp#27;[0m&amp#27;[38;5;-183m[AndroidUiautomator2Driver@0804]&amp#27;[0m Responding to client with driver.createSession() result: {"capabilities":{"platformName":"ANDROID","chromedriverExecutable":"//Users//administrator//Documents//Chromedriver 138.0.7204.92//chromedriver-mac-x64//chromedriver","deviceName":"emulator-5554","automationName":"UIAutomator2","app":"/Users/administrator/eclipse-workspace/AppiumFrameworkDesign//src//test//java//org//latiffsyed//resources//General-Store.apk","platform":"LINUX","webStorageEnabled":false,"takesScreenshot":true,"javascriptEnabled":true,"databaseEnabled":false,"networkConnectionEnabled":true,"locationContextEnabled":false,"warnings":{},"desired":{"platformName":"ANDROID","chromedriverExecutable":"//Users//administrator//Documents//Chromedriver 138.0.7204.92//chromedriver-mac-x64//chromedriver","deviceName":"LatiffPhone","automationName":"UIAutomator2","app":"/Users/administrator/eclipse-workspace/AppiumFrameworkDesign//src//test//java//org//latiffsyed//resources//General-Store.apk"},"deviceUDID":"emulator-5554","appPackage":"com.androidsample.generalstore","appActivity":"com.androidsample.gene...
&amp#27;[38;5;77m[d4a1b95a]&amp#27;[0m&amp#27;[38;5;86m[HTTP]&amp#27;[0m &amp#27;[37m<-- POST /session &amp#27;[39m&amp#27;[32m200&amp#27;[39m &amp#27;[90m2210 ms - 1374&amp#27;[39m &amp#27;[90m&amp#27;[39m
&amp#27;[38;5;77m[d4a1b95a]&amp#27;[0m&amp#27;[38;5;86m[HTTP]&amp#27;[0m &amp#27;[37m-->&amp#27;[39m &amp#27;[37mPOST&amp#27;[39m &amp#27;[37m/session/d4a1b95a-aaac-4a9c-a6c9-7729cd7256d5/timeouts&amp#27;[39m &amp#27;[90m{"implicit":10000}&amp#27;[39m
&amp#27;[38;5;77m[d4a1b95a]&amp#27;[0m&amp#27;[38;5;-183m[AndroidUiautomator2Driver@0804]&amp#27;[0m Calling AppiumDriver.timeouts() with args: [null,null,null,null,10000,"d4a1b95a-aaac-4a9c-a6c9-7729cd7256d5"]
&amp#27;[38;5;77m[d4a1b95a]&amp#27;[0m&amp#27;[38;5;-183m[AndroidUiautomator2Driver@0804]&amp#27;[0m W3C timeout argument: {"implicit":10000}}
&amp#27;[38;5;77m[d4a1b95a]&amp#27;[0m&amp#27;[38;5;-183m[AndroidUiautomator2Driver@0804]&amp#27;[0m Set implicit wait to 10000ms
&amp#27;[38;5;77m[d4a1b95a]&amp#27;[0m&amp#27;[38;5;-183m[AndroidUiautomator2Driver@0804]&amp#27;[0m Responding to client with driver.timeouts() result: null
&amp#27;[38;5;77m[d4a1b95a]&amp#27;[0m&amp#27;[38;5;86m[HTTP]&amp#27;[0m &amp#27;[37m<-- POST /session/d4a1b95a-aaac-4a9c-a6c9-7729cd7256d5/timeouts &amp#27;[39m&amp#27;[32m200&amp#27;[39m &amp#27;[90m1 ms - 14&amp#27;[39m &amp#27;[90m&amp#27;[39m
&amp#27;[38;5;77m[d4a1b95a]&amp#27;[0m&amp#27;[38;5;86m[HTTP]&amp#27;[0m &amp#27;[37m-->&amp#27;[39m &amp#27;[37mPOST&amp#27;[39m &amp#27;[37m/session/d4a1b95a-aaac-4a9c-a6c9-7729cd7256d5/execute/sync&amp#27;[39m &amp#27;[90m{"args":[{"intent":"com.androidsample.generalstore/com.androidsample.generalstore.SplashActivity"}],"script":"mobile: startActivity"}&amp#27;[39m
&amp#27;[38;5;77m[d4a1b95a]&amp#27;[0m&amp#27;[38;5;-183m[AndroidUiautomator2Driver@0804]&amp#27;[0m Calling AppiumDriver.execute() with args: ["mobile: startActivity",[{"intent":"com.androidsample.generalstore/com.androidsample.generalstore.SplashActivity"}],"d4a1b95a-aaac-4a9c-a6c9-7729cd7256d5"]
&amp#27;[38;5;77m[d4a1b95a]&amp#27;[0m&amp#27;[38;5;229m[ADB]&amp#27;[0m Running '/Users/administrator/Library/Android/sdk/platform-tools/adb -P 5037 -s emulator-5554 shell am start-activity com.androidsample.generalstore/com.androidsample.generalstore.SplashActivity'
&amp#27;[38;5;77m[d4a1b95a]&amp#27;[0m&amp#27;[38;5;-183m[AndroidUiautomator2Driver@0804]&amp#27;[0m Responding to client with driver.execute() result: "Starting: Intent { act=android.intent.action.MAIN cat=[android.intent.category.LAUNCHER] cmp=com.androidsample.generalstore/.SplashActivity }"
&amp#27;[38;5;77m[d4a1b95a]&amp#27;[0m&amp#27;[38;5;86m[HTTP]&amp#27;[0m &amp#27;[37m<-- POST /session/d4a1b95a-aaac-4a9c-a6c9-7729cd7256d5/execute/sync &amp#27;[39m&amp#27;[32m200&amp#27;[39m &amp#27;[90m23 ms - 153&amp#27;[39m &amp#27;[90m&amp#27;[39m
&amp#27;[38;5;77m[d4a1b95a]&amp#27;[0m&amp#27;[38;5;86m[HTTP]&amp#27;[0m &amp#27;[37m-->&amp#27;[39m &amp#27;[37mGET&amp#27;[39m &amp#27;[37m/session/d4a1b95a-aaac-4a9c-a6c9-7729cd7256d5/context&amp#27;[39m &amp#27;[90m{}&amp#27;[39m
&amp#27;[38;5;77m[d4a1b95a]&amp#27;[0m&amp#27;[38;5;-183m[AndroidUiautomator2Driver@0804]&amp#27;[0m Calling AppiumDriver.getCurrentContext() with args: ["d4a1b95a-aaac-4a9c-a6c9-7729cd7256d5"]
&amp#27;[38;5;77m[d4a1b95a]&amp#27;[0m&amp#27;[38;5;-183m[AndroidUiautomator2Driver@0804]&amp#27;[0m Responding to client with driver.getCurrentContext() result: "NATIVE_APP"
&amp#27;[38;5;77m[d4a1b95a]&amp#27;[0m&amp#27;[38;5;86m[HTTP]&amp#27;[0m &amp#27;[37m<-- GET /session/d4a1b95a-aaac-4a9c-a6c9-7729cd7256d5/context &amp#27;[39m&amp#27;[32m200&amp#27;[39m &amp#27;[90m1 ms - 22&amp#27;[39m &amp#27;[90m&amp#27;[39m
&amp#27;[38;5;77m[d4a1b95a]&amp#27;[0m&amp#27;[38;5;86m[HTTP]&amp#27;[0m &amp#27;[37m-->&amp#27;[39m &amp#27;[37mPOST&amp#27;[39m &amp#27;[37m/session/d4a1b95a-aaac-4a9c-a6c9-7729cd7256d5/element&amp#27;[39m &amp#27;[90m{"value":"com.androidsample.generalstore:id/nameField","using":"id"}&amp#27;[39m
&amp#27;[38;5;77m[d4a1b95a]&amp#27;[0m&amp#27;[38;5;-183m[AndroidUiautomator2Driver@0804]&amp#27;[0m Calling AppiumDriver.findElement() with args: ["id","com.androidsample.generalstore:id/nameField","d4a1b95a-aaac-4a9c-a6c9-7729cd7256d5"]
&amp#27;[38;5;77m[d4a1b95a]&amp#27;[0m&amp#27;[38;5;-183m[AndroidUiautomator2Driver@0804]&amp#27;[0m Valid locator strategies for this request: xpath, id, class name, accessibility id, css selector, -android uiautomator
&amp#27;[38;5;77m[d4a1b95a]&amp#27;[0m&amp#27;[38;5;-183m[AndroidUiautomator2Driver@0804]&amp#27;[0m Waiting up to 10000 ms for condition
&amp#27;[38;5;77m[d4a1b95a]&amp#27;[0m&amp#27;[38;5;-183m[AndroidUiautomator2Driver@0804]&amp#27;[0m Matched '/element' to command name 'findElement'
&amp#27;[38;5;77m[d4a1b95a]&amp#27;[0m&amp#27;[38;5;-183m[AndroidUiautomator2Driver@0804]&amp#27;[0m Proxying [POST /element] to [POST http://127.0.0.1:8200/session/ccc822a8-3c70-4f89-80b4-4aed707196b0/element] with body: {"strategy":"id","selector":"com.androidsample.generalstore:id/nameField","context":"","multiple":false}
&amp#27;[38;5;77m[d4a1b95a]&amp#27;[0m&amp#27;[38;5;-183m[AndroidUiautomator2Driver@0804]&amp#27;[0m Got response with status 404: {"sessionId":"ccc822a8-3c70-4f89-80b4-4aed707196b0","value":{"error":"no such element","message":"An element could not be located on the page using the given search parameters","stacktrace":"io.appium.uiautomator2.common.exceptions.ElementNotFoundException: An element could not be located on the page using the given search parameters\n\tat io.appium.uiautomator2.handler.FindElement.safeHandle(FindElement.java:63)\n\tat io.appium.uiautomator2.handler.request.SafeRequestHandler.handle(SafeRequestHandler.java:59)\n\tat io.appium.uiautomator2.server.AppiumServlet.handleRequest(AppiumServlet.java:259)\n\tat io.appium.uiautomator2.server.AppiumServlet.handleHttpRequest(AppiumServlet.java:253)\n\tat io.appium.uiautomator2.http.ServerHandler.channelRead(ServerHandler.java:77)\n\tat io.netty.channel.AbstractChannelHandlerContext.invokeChannelRead(AbstractChannelHandlerContext.java:374)\n\tat io.netty.channel.AbstractChannelHandlerContext.invokeChannelRead(AbstractChannelHandlerContext.java:360)\n\tat io.netty.chann...
&amp#27;[38;5;77m[d4a1b95a]&amp#27;[0m&amp#27;[38;5;123m[W3C]&amp#27;[0m Matched W3C error code 'no such element' to NoSuchElementError
&amp#27;[38;5;77m[d4a1b95a]&amp#27;[0m&amp#27;[38;5;-183m[AndroidUiautomator2Driver@0804]&amp#27;[0m Waited for 336 ms so far
&amp#27;[38;5;77m[d4a1b95a]&amp#27;[0m&amp#27;[38;5;-183m[AndroidUiautomator2Driver@0804]&amp#27;[0m Matched '/element' to command name 'findElement'
&amp#27;[38;5;77m[d4a1b95a]&amp#27;[0m&amp#27;[38;5;-183m[AndroidUiautomator2Driver@0804]&amp#27;[0m Proxying [POST /element] to [POST http://127.0.0.1:8200/session/ccc822a8-3c70-4f89-80b4-4aed707196b0/element] with body: {"strategy":"id","selector":"com.androidsample.generalstore:id/nameField","context":"","multiple":false}
&amp#27;[38;5;77m[d4a1b95a]&amp#27;[0m&amp#27;[38;5;-183m[AndroidUiautomator2Driver@0804]&amp#27;[0m Got response with status 404: {"sessionId":"ccc822a8-3c70-4f89-80b4-4aed707196b0","value":{"error":"no such element","message":"An element could not be located on the page using the given search parameters","stacktrace":"io.appium.uiautomator2.common.exceptions.ElementNotFoundException: An element could not be located on the page using the given search parameters\n\tat io.appium.uiautomator2.handler.FindElement.safeHandle(FindElement.java:63)\n\tat io.appium.uiautomator2.handler.request.SafeRequestHandler.handle(SafeRequestHandler.java:59)\n\tat io.appium.uiautomator2.server.AppiumServlet.handleRequest(AppiumServlet.java:259)\n\tat io.appium.uiautomator2.server.AppiumServlet.handleHttpRequest(AppiumServlet.java:253)\n\tat io.appium.uiautomator2.http.ServerHandler.channelRead(ServerHandler.java:77)\n\tat io.netty.channel.AbstractChannelHandlerContext.invokeChannelRead(AbstractChannelHandlerContext.java:374)\n\tat io.netty.channel.AbstractChannelHandlerContext.invokeChannelRead(AbstractChannelHandlerContext.java:360)\n\tat io.netty.chann...
&amp#27;[38;5;77m[d4a1b95a]&amp#27;[0m&amp#27;[38;5;123m[W3C]&amp#27;[0m Matched W3C error code 'no such element' to NoSuchElementError
&amp#27;[38;5;77m[d4a1b95a]&amp#27;[0m&amp#27;[38;5;-183m[AndroidUiautomator2Driver@0804]&amp#27;[0m Waited for 862 ms so far
&amp#27;[38;5;77m[d4a1b95a]&amp#27;[0m&amp#27;[38;5;-183m[AndroidUiautomator2Driver@0804]&amp#27;[0m Matched '/element' to command name 'findElement'
&amp#27;[38;5;77m[d4a1b95a]&amp#27;[0m&amp#27;[38;5;-183m[AndroidUiautomator2Driver@0804]&amp#27;[0m Proxying [POST /element] to [POST http://127.0.0.1:8200/session/ccc822a8-3c70-4f89-80b4-4aed707196b0/element] with body: {"strategy":"id","selector":"com.androidsample.generalstore:id/nameField","context":"","multiple":false}
&amp#27;[38;5;77m[d4a1b95a]&amp#27;[0m&amp#27;[38;5;-183m[AndroidUiautomator2Driver@0804]&amp#27;[0m Got response with status 404: {"sessionId":"ccc822a8-3c70-4f89-80b4-4aed707196b0","value":{"error":"no such element","message":"An element could not be located on the page using the given search parameters","stacktrace":"io.appium.uiautomator2.common.exceptions.ElementNotFoundException: An element could not be located on the page using the given search parameters\n\tat io.appium.uiautomator2.handler.FindElement.safeHandle(FindElement.java:63)\n\tat io.appium.uiautomator2.handler.request.SafeRequestHandler.handle(SafeRequestHandler.java:59)\n\tat io.appium.uiautomator2.server.AppiumServlet.handleRequest(AppiumServlet.java:259)\n\tat io.appium.uiautomator2.server.AppiumServlet.handleHttpRequest(AppiumServlet.java:253)\n\tat io.appium.uiautomator2.http.ServerHandler.channelRead(ServerHandler.java:77)\n\tat io.netty.channel.AbstractChannelHandlerContext.invokeChannelRead(AbstractChannelHandlerContext.java:374)\n\tat io.netty.channel.AbstractChannelHandlerContext.invokeChannelRead(AbstractChannelHandlerContext.java:360)\n\tat io.netty.chann...
&amp#27;[38;5;77m[d4a1b95a]&amp#27;[0m&amp#27;[38;5;123m[W3C]&amp#27;[0m Matched W3C error code 'no such element' to NoSuchElementError
&amp#27;[38;5;77m[d4a1b95a]&amp#27;[0m&amp#27;[38;5;-183m[AndroidUiautomator2Driver@0804]&amp#27;[0m Waited for 1390 ms so far
&amp#27;[38;5;77m[d4a1b95a]&amp#27;[0m&amp#27;[38;5;-183m[AndroidUiautomator2Driver@0804]&amp#27;[0m Matched '/element' to command name 'findElement'
&amp#27;[38;5;77m[d4a1b95a]&amp#27;[0m&amp#27;[38;5;-183m[AndroidUiautomator2Driver@0804]&amp#27;[0m Proxying [POST /element] to [POST http://127.0.0.1:8200/session/ccc822a8-3c70-4f89-80b4-4aed707196b0/element] with body: {"strategy":"id","selector":"com.androidsample.generalstore:id/nameField","context":"","multiple":false}
&amp#27;[38;5;77m[d4a1b95a]&amp#27;[0m&amp#27;[38;5;-183m[AndroidUiautomator2Driver@0804]&amp#27;[0m Got response with status 404: {"sessionId":"ccc822a8-3c70-4f89-80b4-4aed707196b0","value":{"error":"no such element","message":"An element could not be located on the page using the given search parameters","stacktrace":"io.appium.uiautomator2.common.exceptions.ElementNotFoundException: An element could not be located on the page using the given search parameters\n\tat io.appium.uiautomator2.handler.FindElement.safeHandle(FindElement.java:63)\n\tat io.appium.uiautomator2.handler.request.SafeRequestHandler.handle(SafeRequestHandler.java:59)\n\tat io.appium.uiautomator2.server.AppiumServlet.handleRequest(AppiumServlet.java:259)\n\tat io.appium.uiautomator2.server.AppiumServlet.handleHttpRequest(AppiumServlet.java:253)\n\tat io.appium.uiautomator2.http.ServerHandler.channelRead(ServerHandler.java:77)\n\tat io.netty.channel.AbstractChannelHandlerContext.invokeChannelRead(AbstractChannelHandlerContext.java:374)\n\tat io.netty.channel.AbstractChannelHandlerContext.invokeChannelRead(AbstractChannelHandlerContext.java:360)\n\tat io.netty.chann...
&amp#27;[38;5;77m[d4a1b95a]&amp#27;[0m&amp#27;[38;5;123m[W3C]&amp#27;[0m Matched W3C error code 'no such element' to NoSuchElementError
&amp#27;[38;5;77m[d4a1b95a]&amp#27;[0m&amp#27;[38;5;-183m[AndroidUiautomator2Driver@0804]&amp#27;[0m Waited for 1917 ms so far
&amp#27;[38;5;77m[d4a1b95a]&amp#27;[0m&amp#27;[38;5;-183m[AndroidUiautomator2Driver@0804]&amp#27;[0m Matched '/element' to command name 'findElement'
&amp#27;[38;5;77m[d4a1b95a]&amp#27;[0m&amp#27;[38;5;-183m[AndroidUiautomator2Driver@0804]&amp#27;[0m Proxying [POST /element] to [POST http://127.0.0.1:8200/session/ccc822a8-3c70-4f89-80b4-4aed707196b0/element] with body: {"strategy":"id","selector":"com.androidsample.generalstore:id/nameField","context":"","multiple":false}
&amp#27;[38;5;77m[d4a1b95a]&amp#27;[0m&amp#27;[38;5;-183m[AndroidUiautomator2Driver@0804]&amp#27;[0m Got response with status 404: {"sessionId":"ccc822a8-3c70-4f89-80b4-4aed707196b0","value":{"error":"no such element","message":"An element could not be located on the page using the given search parameters","stacktrace":"io.appium.uiautomator2.common.exceptions.ElementNotFoundException: An element could not be located on the page using the given search parameters\n\tat io.appium.uiautomator2.handler.FindElement.safeHandle(FindElement.java:63)\n\tat io.appium.uiautomator2.handler.request.SafeRequestHandler.handle(SafeRequestHandler.java:59)\n\tat io.appium.uiautomator2.server.AppiumServlet.handleRequest(AppiumServlet.java:259)\n\tat io.appium.uiautomator2.server.AppiumServlet.handleHttpRequest(AppiumServlet.java:253)\n\tat io.appium.uiautomator2.http.ServerHandler.channelRead(ServerHandler.java:77)\n\tat io.netty.channel.AbstractChannelHandlerContext.invokeChannelRead(AbstractChannelHandlerContext.java:374)\n\tat io.netty.channel.AbstractChannelHandlerContext.invokeChannelRead(AbstractChannelHandlerContext.java:360)\n\tat io.netty.chann...
&amp#27;[38;5;77m[d4a1b95a]&amp#27;[0m&amp#27;[38;5;123m[W3C]&amp#27;[0m Matched W3C error code 'no such element' to NoSuchElementError
&amp#27;[38;5;77m[d4a1b95a]&amp#27;[0m&amp#27;[38;5;-183m[AndroidUiautomator2Driver@0804]&amp#27;[0m Waited for 2444 ms so far
&amp#27;[38;5;77m[d4a1b95a]&amp#27;[0m&amp#27;[38;5;-183m[AndroidUiautomator2Driver@0804]&amp#27;[0m Matched '/element' to command name 'findElement'
&amp#27;[38;5;77m[d4a1b95a]&amp#27;[0m&amp#27;[38;5;-183m[AndroidUiautomator2Driver@0804]&amp#27;[0m Proxying [POST /element] to [POST http://127.0.0.1:8200/session/ccc822a8-3c70-4f89-80b4-4aed707196b0/element] with body: {"strategy":"id","selector":"com.androidsample.generalstore:id/nameField","context":"","multiple":false}
&amp#27;[38;5;77m[d4a1b95a]&amp#27;[0m&amp#27;[38;5;-183m[AndroidUiautomator2Driver@0804]&amp#27;[0m Got response with status 200: {"sessionId":"ccc822a8-3c70-4f89-80b4-4aed707196b0","value":{"ELEMENT":"00000000-0000-0033-ffff-ffff0000001c","element-6066-11e4-a52e-4f735466cecf":"00000000-0000-0033-ffff-ffff0000001c"}}
&amp#27;[38;5;77m[d4a1b95a]&amp#27;[0m&amp#27;[38;5;-183m[AndroidUiautomator2Driver@0804]&amp#27;[0m Responding to client with driver.findElement() result: {"element-6066-11e4-a52e-4f735466cecf":"00000000-0000-0033-ffff-ffff0000001c","ELEMENT":"00000000-0000-0033-ffff-ffff0000001c"}
&amp#27;[38;5;77m[d4a1b95a]&amp#27;[0m&amp#27;[38;5;86m[HTTP]&amp#27;[0m &amp#27;[37m<-- POST /session/d4a1b95a-aaac-4a9c-a6c9-7729cd7256d5/element &amp#27;[39m&amp#27;[32m200&amp#27;[39m &amp#27;[90m3409 ms - 137&amp#27;[39m &amp#27;[90m&amp#27;[39m
&amp#27;[38;5;77m[d4a1b95a]&amp#27;[0m&amp#27;[38;5;86m[HTTP]&amp#27;[0m &amp#27;[37m-->&amp#27;[39m &amp#27;[37mPOST&amp#27;[39m &amp#27;[37m/session/d4a1b95a-aaac-4a9c-a6c9-7729cd7256d5/element/00000000-0000-0033-ffff-ffff0000001c/value&amp#27;[39m &amp#27;[90m{"value":["N","a","d","u"," ","S","y","e","d"],"text":"Nadu Syed","id":"00000000-0000-0033-ffff-ffff0000001c"}&amp#27;[39m
&amp#27;[38;5;77m[d4a1b95a]&amp#27;[0m&amp#27;[38;5;-183m[AndroidUiautomator2Driver@0804]&amp#27;[0m Calling AppiumDriver.setValue() with args: [["N","a","d","u"," ","S","y","e","d"],"00000000-0000-0033-ffff-ffff0000001c","d4a1b95a-aaac-4a9c-a6c9-7729cd7256d5"]
&amp#27;[38;5;77m[d4a1b95a]&amp#27;[0m&amp#27;[38;5;-183m[AndroidUiautomator2Driver@0804]&amp#27;[0m Matched '/element/00000000-0000-0033-ffff-ffff0000001c/value' to command name 'setValue'
&amp#27;[38;5;77m[d4a1b95a]&amp#27;[0m&amp#27;[38;5;-183m[AndroidUiautomator2Driver@0804]&amp#27;[0m Added 'value' property ["N","a","d","u"," ","S","y","e","d"] to 'setValue' request body
&amp#27;[38;5;77m[d4a1b95a]&amp#27;[0m&amp#27;[38;5;-183m[AndroidUiautomator2Driver@0804]&amp#27;[0m Proxying [POST /element/00000000-0000-0033-ffff-ffff0000001c/value] to [POST http://127.0.0.1:8200/session/ccc822a8-3c70-4f89-80b4-4aed707196b0/element/00000000-0000-0033-ffff-ffff0000001c/value] with body: {"elementId":"00000000-0000-0033-ffff-ffff0000001c","text":"Nadu Syed","replace":false,"value":["N","a","d","u"," ","S","y","e","d"]}
&amp#27;[38;5;77m[d4a1b95a]&amp#27;[0m&amp#27;[38;5;-183m[AndroidUiautomator2Driver@0804]&amp#27;[0m Got response with status 200: {"sessionId":"ccc822a8-3c70-4f89-80b4-4aed707196b0","value":null}
&amp#27;[38;5;77m[d4a1b95a]&amp#27;[0m&amp#27;[38;5;-183m[AndroidUiautomator2Driver@0804]&amp#27;[0m Responding to client with driver.setValue() result: null
&amp#27;[38;5;77m[d4a1b95a]&amp#27;[0m&amp#27;[38;5;86m[HTTP]&amp#27;[0m &amp#27;[37m<-- POST /session/d4a1b95a-aaac-4a9c-a6c9-7729cd7256d5/element/00000000-0000-0033-ffff-ffff0000001c/value &amp#27;[39m&amp#27;[32m200&amp#27;[39m &amp#27;[90m546 ms - 14&amp#27;[39m &amp#27;[90m&amp#27;[39m
&amp#27;[38;5;77m[d4a1b95a]&amp#27;[0m&amp#27;[38;5;86m[HTTP]&amp#27;[0m &amp#27;[37m-->&amp#27;[39m &amp#27;[37mPOST&amp#27;[39m &amp#27;[37m/session/d4a1b95a-aaac-4a9c-a6c9-7729cd7256d5/execute/sync&amp#27;[39m &amp#27;[90m{"args":[],"script":"mobile: hideKeyboard"}&amp#27;[39m
&amp#27;[38;5;77m[d4a1b95a]&amp#27;[0m&amp#27;[38;5;-183m[AndroidUiautomator2Driver@0804]&amp#27;[0m Calling AppiumDriver.execute() with args: ["mobile: hideKeyboard",[],"d4a1b95a-aaac-4a9c-a6c9-7729cd7256d5"]
&amp#27;[38;5;77m[d4a1b95a]&amp#27;[0m&amp#27;[38;5;229m[ADB]&amp#27;[0m Running '/Users/administrator/Library/Android/sdk/platform-tools/adb -P 5037 -s emulator-5554 shell dumpsys input_method'
&amp#27;[38;5;77m[d4a1b95a]&amp#27;[0m&amp#27;[38;5;229m[ADB]&amp#27;[0m Keyboard has no UI; no closing necessary
&amp#27;[38;5;77m[d4a1b95a]&amp#27;[0m&amp#27;[38;5;-183m[AndroidUiautomator2Driver@0804]&amp#27;[0m Responding to client with driver.execute() result: false
&amp#27;[38;5;77m[d4a1b95a]&amp#27;[0m&amp#27;[38;5;86m[HTTP]&amp#27;[0m &amp#27;[37m<-- POST /session/d4a1b95a-aaac-4a9c-a6c9-7729cd7256d5/execute/sync &amp#27;[39m&amp#27;[32m200&amp#27;[39m &amp#27;[90m158 ms - 15&amp#27;[39m &amp#27;[90m&amp#27;[39m
&amp#27;[38;5;77m[d4a1b95a]&amp#27;[0m&amp#27;[38;5;86m[HTTP]&amp#27;[0m &amp#27;[37m-->&amp#27;[39m &amp#27;[37mGET&amp#27;[39m &amp#27;[37m/session/d4a1b95a-aaac-4a9c-a6c9-7729cd7256d5/context&amp#27;[39m &amp#27;[90m{}&amp#27;[39m
&amp#27;[38;5;77m[d4a1b95a]&amp#27;[0m&amp#27;[38;5;-183m[AndroidUiautomator2Driver@0804]&amp#27;[0m Calling AppiumDriver.getCurrentContext() with args: ["d4a1b95a-aaac-4a9c-a6c9-7729cd7256d5"]
&amp#27;[38;5;77m[d4a1b95a]&amp#27;[0m&amp#27;[38;5;-183m[AndroidUiautomator2Driver@0804]&amp#27;[0m Responding to client with driver.getCurrentContext() result: "NATIVE_APP"
&amp#27;[38;5;77m[d4a1b95a]&amp#27;[0m&amp#27;[38;5;86m[HTTP]&amp#27;[0m &amp#27;[37m<-- GET /session/d4a1b95a-aaac-4a9c-a6c9-7729cd7256d5/context &amp#27;[39m&amp#27;[32m200&amp#27;[39m &amp#27;[90m2 ms - 22&amp#27;[39m &amp#27;[90m&amp#27;[39m
&amp#27;[38;5;77m[d4a1b95a]&amp#27;[0m&amp#27;[38;5;86m[HTTP]&amp#27;[0m &amp#27;[37m-->&amp#27;[39m &amp#27;[37mPOST&amp#27;[39m &amp#27;[37m/session/d4a1b95a-aaac-4a9c-a6c9-7729cd7256d5/element&amp#27;[39m &amp#27;[90m{"value":"//android.widget.RadioButton[@text='Female']","using":"xpath"}&amp#27;[39m
&amp#27;[38;5;77m[d4a1b95a]&amp#27;[0m&amp#27;[38;5;-183m[AndroidUiautomator2Driver@0804]&amp#27;[0m Calling AppiumDriver.findElement() with args: ["xpath","//android.widget.RadioButton[@text='Female']","d4a1b95a-aaac-4a9c-a6c9-7729cd7256d5"]
&amp#27;[38;5;77m[d4a1b95a]&amp#27;[0m&amp#27;[38;5;-183m[AndroidUiautomator2Driver@0804]&amp#27;[0m Valid locator strategies for this request: xpath, id, class name, accessibility id, css selector, -android uiautomator
&amp#27;[38;5;77m[d4a1b95a]&amp#27;[0m&amp#27;[38;5;-183m[AndroidUiautomator2Driver@0804]&amp#27;[0m Waiting up to 10000 ms for condition
&amp#27;[38;5;77m[d4a1b95a]&amp#27;[0m&amp#27;[38;5;-183m[AndroidUiautomator2Driver@0804]&amp#27;[0m Matched '/element' to command name 'findElement'
&amp#27;[38;5;77m[d4a1b95a]&amp#27;[0m&amp#27;[38;5;-183m[AndroidUiautomator2Driver@0804]&amp#27;[0m Proxying [POST /element] to [POST http://127.0.0.1:8200/session/ccc822a8-3c70-4f89-80b4-4aed707196b0/element] with body: {"strategy":"xpath","selector":"//android.widget.RadioButton[@text='Female']","context":"","multiple":false}
&amp#27;[38;5;77m[d4a1b95a]&amp#27;[0m&amp#27;[38;5;-183m[AndroidUiautomator2Driver@0804]&amp#27;[0m Got response with status 200: {"sessionId":"ccc822a8-3c70-4f89-80b4-4aed707196b0","value":{"ELEMENT":"00000000-0000-0033-ffff-ffff00000020","element-6066-11e4-a52e-4f735466cecf":"00000000-0000-0033-ffff-ffff00000020"}}
&amp#27;[38;5;77m[d4a1b95a]&amp#27;[0m&amp#27;[38;5;-183m[AndroidUiautomator2Driver@0804]&amp#27;[0m Responding to client with driver.findElement() result: {"element-6066-11e4-a52e-4f735466cecf":"00000000-0000-0033-ffff-ffff00000020","ELEMENT":"00000000-0000-0033-ffff-ffff00000020"}
&amp#27;[38;5;77m[d4a1b95a]&amp#27;[0m&amp#27;[38;5;86m[HTTP]&amp#27;[0m &amp#27;[37m<-- POST /session/d4a1b95a-aaac-4a9c-a6c9-7729cd7256d5/element &amp#27;[39m&amp#27;[32m200&amp#27;[39m &amp#27;[90m434 ms - 137&amp#27;[39m &amp#27;[90m&amp#27;[39m
&amp#27;[38;5;77m[d4a1b95a]&amp#27;[0m&amp#27;[38;5;86m[HTTP]&amp#27;[0m &amp#27;[37m-->&amp#27;[39m &amp#27;[37mPOST&amp#27;[39m &amp#27;[37m/session/d4a1b95a-aaac-4a9c-a6c9-7729cd7256d5/element/00000000-0000-0033-ffff-ffff00000020/click&amp#27;[39m &amp#27;[90m{"id":"00000000-0000-0033-ffff-ffff00000020"}&amp#27;[39m
&amp#27;[38;5;77m[d4a1b95a]&amp#27;[0m&amp#27;[38;5;-183m[AndroidUiautomator2Driver@0804]&amp#27;[0m Calling AppiumDriver.click() with args: ["00000000-0000-0033-ffff-ffff00000020","d4a1b95a-aaac-4a9c-a6c9-7729cd7256d5"]
&amp#27;[38;5;77m[d4a1b95a]&amp#27;[0m&amp#27;[38;5;-183m[AndroidUiautomator2Driver@0804]&amp#27;[0m Matched '/element/00000000-0000-0033-ffff-ffff00000020/click' to command name 'click'
&amp#27;[38;5;77m[d4a1b95a]&amp#27;[0m&amp#27;[38;5;-183m[AndroidUiautomator2Driver@0804]&amp#27;[0m Proxying [POST /element/00000000-0000-0033-ffff-ffff00000020/click] to [POST http://127.0.0.1:8200/session/ccc822a8-3c70-4f89-80b4-4aed707196b0/element/00000000-0000-0033-ffff-ffff00000020/click] with body: {"element":"00000000-0000-0033-ffff-ffff00000020"}
&amp#27;[38;5;77m[d4a1b95a]&amp#27;[0m&amp#27;[38;5;-183m[AndroidUiautomator2Driver@0804]&amp#27;[0m Got response with status 200: {"sessionId":"ccc822a8-3c70-4f89-80b4-4aed707196b0","value":null}
&amp#27;[38;5;77m[d4a1b95a]&amp#27;[0m&amp#27;[38;5;-183m[AndroidUiautomator2Driver@0804]&amp#27;[0m Responding to client with driver.click() result: null
&amp#27;[38;5;77m[d4a1b95a]&amp#27;[0m&amp#27;[38;5;86m[HTTP]&amp#27;[0m &amp#27;[37m<-- POST /session/d4a1b95a-aaac-4a9c-a6c9-7729cd7256d5/element/00000000-0000-0033-ffff-ffff00000020/click &amp#27;[39m&amp#27;[32m200&amp#27;[39m &amp#27;[90m47 ms - 14&amp#27;[39m &amp#27;[90m&amp#27;[39m
&amp#27;[38;5;77m[d4a1b95a]&amp#27;[0m&amp#27;[38;5;86m[HTTP]&amp#27;[0m &amp#27;[37m-->&amp#27;[39m &amp#27;[37mGET&amp#27;[39m &amp#27;[37m/session/d4a1b95a-aaac-4a9c-a6c9-7729cd7256d5/context&amp#27;[39m &amp#27;[90m{}&amp#27;[39m
&amp#27;[38;5;77m[d4a1b95a]&amp#27;[0m&amp#27;[38;5;-183m[AndroidUiautomator2Driver@0804]&amp#27;[0m Calling AppiumDriver.getCurrentContext() with args: ["d4a1b95a-aaac-4a9c-a6c9-7729cd7256d5"]
&amp#27;[38;5;77m[d4a1b95a]&amp#27;[0m&amp#27;[38;5;-183m[AndroidUiautomator2Driver@0804]&amp#27;[0m Responding to client with driver.getCurrentContext() result: "NATIVE_APP"
&amp#27;[38;5;77m[d4a1b95a]&amp#27;[0m&amp#27;[38;5;86m[HTTP]&amp#27;[0m &amp#27;[37m<-- GET /session/d4a1b95a-aaac-4a9c-a6c9-7729cd7256d5/context &amp#27;[39m&amp#27;[32m200&amp#27;[39m &amp#27;[90m1 ms - 22&amp#27;[39m &amp#27;[90m&amp#27;[39m
&amp#27;[38;5;77m[d4a1b95a]&amp#27;[0m&amp#27;[38;5;86m[HTTP]&amp#27;[0m &amp#27;[37m-->&amp#27;[39m &amp#27;[37mPOST&amp#27;[39m &amp#27;[37m/session/d4a1b95a-aaac-4a9c-a6c9-7729cd7256d5/element&amp#27;[39m &amp#27;[90m{"value":"android:id/text1","using":"id"}&amp#27;[39m
&amp#27;[38;5;77m[d4a1b95a]&amp#27;[0m&amp#27;[38;5;-183m[AndroidUiautomator2Driver@0804]&amp#27;[0m Calling AppiumDriver.findElement() with args: ["id","android:id/text1","d4a1b95a-aaac-4a9c-a6c9-7729cd7256d5"]
&amp#27;[38;5;77m[d4a1b95a]&amp#27;[0m&amp#27;[38;5;-183m[AndroidUiautomator2Driver@0804]&amp#27;[0m Valid locator strategies for this request: xpath, id, class name, accessibility id, css selector, -android uiautomator
&amp#27;[38;5;77m[d4a1b95a]&amp#27;[0m&amp#27;[38;5;-183m[AndroidUiautomator2Driver@0804]&amp#27;[0m Waiting up to 10000 ms for condition
&amp#27;[38;5;77m[d4a1b95a]&amp#27;[0m&amp#27;[38;5;-183m[AndroidUiautomator2Driver@0804]&amp#27;[0m Matched '/element' to command name 'findElement'
&amp#27;[38;5;77m[d4a1b95a]&amp#27;[0m&amp#27;[38;5;-183m[AndroidUiautomator2Driver@0804]&amp#27;[0m Proxying [POST /element] to [POST http://127.0.0.1:8200/session/ccc822a8-3c70-4f89-80b4-4aed707196b0/element] with body: {"strategy":"id","selector":"android:id/text1","context":"","multiple":false}
&amp#27;[38;5;77m[d4a1b95a]&amp#27;[0m&amp#27;[38;5;-183m[AndroidUiautomator2Driver@0804]&amp#27;[0m Got response with status 200: {"sessionId":"ccc822a8-3c70-4f89-80b4-4aed707196b0","value":{"ELEMENT":"00000000-0000-0033-ffff-ffff00000024","element-6066-11e4-a52e-4f735466cecf":"00000000-0000-0033-ffff-ffff00000024"}}
&amp#27;[38;5;77m[d4a1b95a]&amp#27;[0m&amp#27;[38;5;-183m[AndroidUiautomator2Driver@0804]&amp#27;[0m Responding to client with driver.findElement() result: {"element-6066-11e4-a52e-4f735466cecf":"00000000-0000-0033-ffff-ffff00000024","ELEMENT":"00000000-0000-0033-ffff-ffff00000024"}
&amp#27;[38;5;77m[d4a1b95a]&amp#27;[0m&amp#27;[38;5;86m[HTTP]&amp#27;[0m &amp#27;[37m<-- POST /session/d4a1b95a-aaac-4a9c-a6c9-7729cd7256d5/element &amp#27;[39m&amp#27;[32m200&amp#27;[39m &amp#27;[90m33 ms - 137&amp#27;[39m &amp#27;[90m&amp#27;[39m
&amp#27;[38;5;77m[d4a1b95a]&amp#27;[0m&amp#27;[38;5;86m[HTTP]&amp#27;[0m &amp#27;[37m-->&amp#27;[39m &amp#27;[37mPOST&amp#27;[39m &amp#27;[37m/session/d4a1b95a-aaac-4a9c-a6c9-7729cd7256d5/element/00000000-0000-0033-ffff-ffff00000024/click&amp#27;[39m &amp#27;[90m{"id":"00000000-0000-0033-ffff-ffff00000024"}&amp#27;[39m
&amp#27;[38;5;77m[d4a1b95a]&amp#27;[0m&amp#27;[38;5;-183m[AndroidUiautomator2Driver@0804]&amp#27;[0m Calling AppiumDriver.click() with args: ["00000000-0000-0033-ffff-ffff00000024","d4a1b95a-aaac-4a9c-a6c9-7729cd7256d5"]
&amp#27;[38;5;77m[d4a1b95a]&amp#27;[0m&amp#27;[38;5;-183m[AndroidUiautomator2Driver@0804]&amp#27;[0m Matched '/element/00000000-0000-0033-ffff-ffff00000024/click' to command name 'click'
&amp#27;[38;5;77m[d4a1b95a]&amp#27;[0m&amp#27;[38;5;-183m[AndroidUiautomator2Driver@0804]&amp#27;[0m Proxying [POST /element/00000000-0000-0033-ffff-ffff00000024/click] to [POST http://127.0.0.1:8200/session/ccc822a8-3c70-4f89-80b4-4aed707196b0/element/00000000-0000-0033-ffff-ffff00000024/click] with body: {"element":"00000000-0000-0033-ffff-ffff00000024"}
&amp#27;[38;5;77m[d4a1b95a]&amp#27;[0m&amp#27;[38;5;-183m[AndroidUiautomator2Driver@0804]&amp#27;[0m Got response with status 200: {"sessionId":"ccc822a8-3c70-4f89-80b4-4aed707196b0","value":null}
&amp#27;[38;5;77m[d4a1b95a]&amp#27;[0m&amp#27;[38;5;-183m[AndroidUiautomator2Driver@0804]&amp#27;[0m Responding to client with driver.click() result: null
&amp#27;[38;5;77m[d4a1b95a]&amp#27;[0m&amp#27;[38;5;86m[HTTP]&amp#27;[0m &amp#27;[37m<-- POST /session/d4a1b95a-aaac-4a9c-a6c9-7729cd7256d5/element/00000000-0000-0033-ffff-ffff00000024/click &amp#27;[39m&amp#27;[32m200&amp#27;[39m &amp#27;[90m584 ms - 14&amp#27;[39m &amp#27;[90m&amp#27;[39m
&amp#27;[38;5;77m[d4a1b95a]&amp#27;[0m&amp#27;[38;5;86m[HTTP]&amp#27;[0m &amp#27;[37m-->&amp#27;[39m &amp#27;[37mPOST&amp#27;[39m &amp#27;[37m/session/d4a1b95a-aaac-4a9c-a6c9-7729cd7256d5/element&amp#27;[39m &amp#27;[90m{"value":"new UiScrollable(new UiSelector()).scrollIntoView(text(\"Australia\"));","using":"-android uiautomator"}&amp#27;[39m
&amp#27;[38;5;77m[d4a1b95a]&amp#27;[0m&amp#27;[38;5;-183m[AndroidUiautomator2Driver@0804]&amp#27;[0m Calling AppiumDriver.findElement() with args: ["-android uiautomator","new UiScrollable(new UiSelector()).scrollIntoView(text(\"Australia\"));","d4a1b95a-aaac-4a9c-a6c9-7729cd7256d5"]
&amp#27;[38;5;77m[d4a1b95a]&amp#27;[0m&amp#27;[38;5;-183m[AndroidUiautomator2Driver@0804]&amp#27;[0m Valid locator strategies for this request: xpath, id, class name, accessibility id, css selector, -android uiautomator
&amp#27;[38;5;77m[d4a1b95a]&amp#27;[0m&amp#27;[38;5;-183m[AndroidUiautomator2Driver@0804]&amp#27;[0m Waiting up to 10000 ms for condition
&amp#27;[38;5;77m[d4a1b95a]&amp#27;[0m&amp#27;[38;5;-183m[AndroidUiautomator2Driver@0804]&amp#27;[0m Matched '/element' to command name 'findElement'
&amp#27;[38;5;77m[d4a1b95a]&amp#27;[0m&amp#27;[38;5;-183m[AndroidUiautomator2Driver@0804]&amp#27;[0m Proxying [POST /element] to [POST http://127.0.0.1:8200/session/ccc822a8-3c70-4f89-80b4-4aed707196b0/element] with body: {"strategy":"-android uiautomator","selector":"new UiScrollable(new UiSelector()).scrollIntoView(text(\"Australia\"));","context":"","multiple":false}
&amp#27;[38;5;77m[d4a1b95a]&amp#27;[0m&amp#27;[38;5;-183m[AndroidUiautomator2Driver@0804]&amp#27;[0m Got response with status 200: {"sessionId":"ccc822a8-3c70-4f89-80b4-4aed707196b0","value":{"ELEMENT":"00000000-0000-0034-ffff-ffff0000002b","element-6066-11e4-a52e-4f735466cecf":"00000000-0000-0034-ffff-ffff0000002b"}}
&amp#27;[38;5;77m[d4a1b95a]&amp#27;[0m&amp#27;[38;5;-183m[AndroidUiautomator2Driver@0804]&amp#27;[0m Responding to client with driver.findElement() result: {"element-6066-11e4-a52e-4f735466cecf":"00000000-0000-0034-ffff-ffff0000002b","ELEMENT":"00000000-0000-0034-ffff-ffff0000002b"}
&amp#27;[38;5;77m[d4a1b95a]&amp#27;[0m&amp#27;[38;5;86m[HTTP]&amp#27;[0m &amp#27;[37m<-- POST /session/d4a1b95a-aaac-4a9c-a6c9-7729cd7256d5/element &amp#27;[39m&amp#27;[32m200&amp#27;[39m &amp#27;[90m4094 ms - 137&amp#27;[39m &amp#27;[90m&amp#27;[39m
&amp#27;[38;5;77m[d4a1b95a]&amp#27;[0m&amp#27;[38;5;86m[HTTP]&amp#27;[0m &amp#27;[37m-->&amp#27;[39m &amp#27;[37mPOST&amp#27;[39m &amp#27;[37m/session/d4a1b95a-aaac-4a9c-a6c9-7729cd7256d5/element&amp#27;[39m &amp#27;[90m{"value":"//android.widget.TextView[@text='Australia']","using":"xpath"}&amp#27;[39m
&amp#27;[38;5;77m[d4a1b95a]&amp#27;[0m&amp#27;[38;5;-183m[AndroidUiautomator2Driver@0804]&amp#27;[0m Calling AppiumDriver.findElement() with args: ["xpath","//android.widget.TextView[@text='Australia']","d4a1b95a-aaac-4a9c-a6c9-7729cd7256d5"]
&amp#27;[38;5;77m[d4a1b95a]&amp#27;[0m&amp#27;[38;5;-183m[AndroidUiautomator2Driver@0804]&amp#27;[0m Valid locator strategies for this request: xpath, id, class name, accessibility id, css selector, -android uiautomator
&amp#27;[38;5;77m[d4a1b95a]&amp#27;[0m&amp#27;[38;5;-183m[AndroidUiautomator2Driver@0804]&amp#27;[0m Waiting up to 10000 ms for condition
&amp#27;[38;5;77m[d4a1b95a]&amp#27;[0m&amp#27;[38;5;-183m[AndroidUiautomator2Driver@0804]&amp#27;[0m Matched '/element' to command name 'findElement'
&amp#27;[38;5;77m[d4a1b95a]&amp#27;[0m&amp#27;[38;5;-183m[AndroidUiautomator2Driver@0804]&amp#27;[0m Proxying [POST /element] to [POST http://127.0.0.1:8200/session/ccc822a8-3c70-4f89-80b4-4aed707196b0/element] with body: {"strategy":"xpath","selector":"//android.widget.TextView[@text='Australia']","context":"","multiple":false}
&amp#27;[38;5;77m[d4a1b95a]&amp#27;[0m&amp#27;[38;5;-183m[AndroidUiautomator2Driver@0804]&amp#27;[0m Got response with status 200: {"sessionId":"ccc822a8-3c70-4f89-80b4-4aed707196b0","value":{"ELEMENT":"00000000-0000-0034-ffff-ffff0000002b","element-6066-11e4-a52e-4f735466cecf":"00000000-0000-0034-ffff-ffff0000002b"}}
&amp#27;[38;5;77m[d4a1b95a]&amp#27;[0m&amp#27;[38;5;-183m[AndroidUiautomator2Driver@0804]&amp#27;[0m Responding to client with driver.findElement() result: {"element-6066-11e4-a52e-4f735466cecf":"00000000-0000-0034-ffff-ffff0000002b","ELEMENT":"00000000-0000-0034-ffff-ffff0000002b"}
&amp#27;[38;5;77m[d4a1b95a]&amp#27;[0m&amp#27;[38;5;86m[HTTP]&amp#27;[0m &amp#27;[37m<-- POST /session/d4a1b95a-aaac-4a9c-a6c9-7729cd7256d5/element &amp#27;[39m&amp#27;[32m200&amp#27;[39m &amp#27;[90m37 ms - 137&amp#27;[39m &amp#27;[90m&amp#27;[39m
&amp#27;[38;5;77m[d4a1b95a]&amp#27;[0m&amp#27;[38;5;86m[HTTP]&amp#27;[0m &amp#27;[37m-->&amp#27;[39m &amp#27;[37mPOST&amp#27;[39m &amp#27;[37m/session/d4a1b95a-aaac-4a9c-a6c9-7729cd7256d5/element/00000000-0000-0034-ffff-ffff0000002b/click&amp#27;[39m &amp#27;[90m{"id":"00000000-0000-0034-ffff-ffff0000002b"}&amp#27;[39m
&amp#27;[38;5;77m[d4a1b95a]&amp#27;[0m&amp#27;[38;5;-183m[AndroidUiautomator2Driver@0804]&amp#27;[0m Calling AppiumDriver.click() with args: ["00000000-0000-0034-ffff-ffff0000002b","d4a1b95a-aaac-4a9c-a6c9-7729cd7256d5"]
&amp#27;[38;5;77m[d4a1b95a]&amp#27;[0m&amp#27;[38;5;-183m[AndroidUiautomator2Driver@0804]&amp#27;[0m Matched '/element/00000000-0000-0034-ffff-ffff0000002b/click' to command name 'click'
&amp#27;[38;5;77m[d4a1b95a]&amp#27;[0m&amp#27;[38;5;-183m[AndroidUiautomator2Driver@0804]&amp#27;[0m Proxying [POST /element/00000000-0000-0034-ffff-ffff0000002b/click] to [POST http://127.0.0.1:8200/session/ccc822a8-3c70-4f89-80b4-4aed707196b0/element/00000000-0000-0034-ffff-ffff0000002b/click] with body: {"element":"00000000-0000-0034-ffff-ffff0000002b"}
&amp#27;[38;5;77m[d4a1b95a]&amp#27;[0m&amp#27;[38;5;-183m[AndroidUiautomator2Driver@0804]&amp#27;[0m Got response with status 200: {"sessionId":"ccc822a8-3c70-4f89-80b4-4aed707196b0","value":null}
&amp#27;[38;5;77m[d4a1b95a]&amp#27;[0m&amp#27;[38;5;-183m[AndroidUiautomator2Driver@0804]&amp#27;[0m Responding to client with driver.click() result: null
&amp#27;[38;5;77m[d4a1b95a]&amp#27;[0m&amp#27;[38;5;86m[HTTP]&amp#27;[0m &amp#27;[37m<-- POST /session/d4a1b95a-aaac-4a9c-a6c9-7729cd7256d5/element/00000000-0000-0034-ffff-ffff0000002b/click &amp#27;[39m&amp#27;[32m200&amp#27;[39m &amp#27;[90m1097 ms - 14&amp#27;[39m &amp#27;[90m&amp#27;[39m
&amp#27;[38;5;77m[d4a1b95a]&amp#27;[0m&amp#27;[38;5;86m[HTTP]&amp#27;[0m &amp#27;[37m-->&amp#27;[39m &amp#27;[37mGET&amp#27;[39m &amp#27;[37m/session/d4a1b95a-aaac-4a9c-a6c9-7729cd7256d5/context&amp#27;[39m &amp#27;[90m{}&amp#27;[39m
&amp#27;[38;5;77m[d4a1b95a]&amp#27;[0m&amp#27;[38;5;-183m[AndroidUiautomator2Driver@0804]&amp#27;[0m Calling AppiumDriver.getCurrentContext() with args: ["d4a1b95a-aaac-4a9c-a6c9-7729cd7256d5"]
&amp#27;[38;5;77m[d4a1b95a]&amp#27;[0m&amp#27;[38;5;-183m[AndroidUiautomator2Driver@0804]&amp#27;[0m Responding to client with driver.getCurrentContext() result: "NATIVE_APP"
&amp#27;[38;5;77m[d4a1b95a]&amp#27;[0m&amp#27;[38;5;86m[HTTP]&amp#27;[0m &amp#27;[37m<-- GET /session/d4a1b95a-aaac-4a9c-a6c9-7729cd7256d5/context &amp#27;[39m&amp#27;[32m200&amp#27;[39m &amp#27;[90m1 ms - 22&amp#27;[39m &amp#27;[90m&amp#27;[39m
&amp#27;[38;5;77m[d4a1b95a]&amp#27;[0m&amp#27;[38;5;86m[HTTP]&amp#27;[0m &amp#27;[37m-->&amp#27;[39m &amp#27;[37mPOST&amp#27;[39m &amp#27;[37m/session/d4a1b95a-aaac-4a9c-a6c9-7729cd7256d5/element&amp#27;[39m &amp#27;[90m{"value":"com.androidsample.generalstore:id/btnLetsShop","using":"id"}&amp#27;[39m
&amp#27;[38;5;77m[d4a1b95a]&amp#27;[0m&amp#27;[38;5;-183m[AndroidUiautomator2Driver@0804]&amp#27;[0m Calling AppiumDriver.findElement() with args: ["id","com.androidsample.generalstore:id/btnLetsShop","d4a1b95a-aaac-4a9c-a6c9-7729cd7256d5"]
&amp#27;[38;5;77m[d4a1b95a]&amp#27;[0m&amp#27;[38;5;-183m[AndroidUiautomator2Driver@0804]&amp#27;[0m Valid locator strategies for this request: xpath, id, class name, accessibility id, css selector, -android uiautomator
&amp#27;[38;5;77m[d4a1b95a]&amp#27;[0m&amp#27;[38;5;-183m[AndroidUiautomator2Driver@0804]&amp#27;[0m Waiting up to 10000 ms for condition
&amp#27;[38;5;77m[d4a1b95a]&amp#27;[0m&amp#27;[38;5;-183m[AndroidUiautomator2Driver@0804]&amp#27;[0m Matched '/element' to command name 'findElement'
&amp#27;[38;5;77m[d4a1b95a]&amp#27;[0m&amp#27;[38;5;-183m[AndroidUiautomator2Driver@0804]&amp#27;[0m Proxying [POST /element] to [POST http://127.0.0.1:8200/session/ccc822a8-3c70-4f89-80b4-4aed707196b0/element] with body: {"strategy":"id","selector":"com.androidsample.generalstore:id/btnLetsShop","context":"","multiple":false}
&amp#27;[38;5;77m[d4a1b95a]&amp#27;[0m&amp#27;[38;5;-183m[AndroidUiautomator2Driver@0804]&amp#27;[0m Got response with status 200: {"sessionId":"ccc822a8-3c70-4f89-80b4-4aed707196b0","value":{"ELEMENT":"00000000-0000-0033-ffff-ffff00000021","element-6066-11e4-a52e-4f735466cecf":"00000000-0000-0033-ffff-ffff00000021"}}
&amp#27;[38;5;77m[d4a1b95a]&amp#27;[0m&amp#27;[38;5;-183m[AndroidUiautomator2Driver@0804]&amp#27;[0m Responding to client with driver.findElement() result: {"element-6066-11e4-a52e-4f735466cecf":"00000000-0000-0033-ffff-ffff00000021","ELEMENT":"00000000-0000-0033-ffff-ffff00000021"}
&amp#27;[38;5;77m[d4a1b95a]&amp#27;[0m&amp#27;[38;5;86m[HTTP]&amp#27;[0m &amp#27;[37m<-- POST /session/d4a1b95a-aaac-4a9c-a6c9-7729cd7256d5/element &amp#27;[39m&amp#27;[32m200&amp#27;[39m &amp#27;[90m32 ms - 137&amp#27;[39m &amp#27;[90m&amp#27;[39m
&amp#27;[38;5;77m[d4a1b95a]&amp#27;[0m&amp#27;[38;5;86m[HTTP]&amp#27;[0m &amp#27;[37m-->&amp#27;[39m &amp#27;[37mPOST&amp#27;[39m &amp#27;[37m/session/d4a1b95a-aaac-4a9c-a6c9-7729cd7256d5/element/00000000-0000-0033-ffff-ffff00000021/click&amp#27;[39m &amp#27;[90m{"id":"00000000-0000-0033-ffff-ffff00000021"}&amp#27;[39m
&amp#27;[38;5;77m[d4a1b95a]&amp#27;[0m&amp#27;[38;5;-183m[AndroidUiautomator2Driver@0804]&amp#27;[0m Calling AppiumDriver.click() with args: ["00000000-0000-0033-ffff-ffff00000021","d4a1b95a-aaac-4a9c-a6c9-7729cd7256d5"]
&amp#27;[38;5;77m[d4a1b95a]&amp#27;[0m&amp#27;[38;5;-183m[AndroidUiautomator2Driver@0804]&amp#27;[0m Matched '/element/00000000-0000-0033-ffff-ffff00000021/click' to command name 'click'
&amp#27;[38;5;77m[d4a1b95a]&amp#27;[0m&amp#27;[38;5;-183m[AndroidUiautomator2Driver@0804]&amp#27;[0m Proxying [POST /element/00000000-0000-0033-ffff-ffff00000021/click] to [POST http://127.0.0.1:8200/session/ccc822a8-3c70-4f89-80b4-4aed707196b0/element/00000000-0000-0033-ffff-ffff00000021/click] with body: {"element":"00000000-0000-0033-ffff-ffff00000021"}
&amp#27;[38;5;77m[d4a1b95a]&amp#27;[0m&amp#27;[38;5;-183m[AndroidUiautomator2Driver@0804]&amp#27;[0m Got response with status 200: {"sessionId":"ccc822a8-3c70-4f89-80b4-4aed707196b0","value":null}
&amp#27;[38;5;77m[d4a1b95a]&amp#27;[0m&amp#27;[38;5;-183m[AndroidUiautomator2Driver@0804]&amp#27;[0m Responding to client with driver.click() result: null
&amp#27;[38;5;77m[d4a1b95a]&amp#27;[0m&amp#27;[38;5;86m[HTTP]&amp#27;[0m &amp#27;[37m<-- POST /session/d4a1b95a-aaac-4a9c-a6c9-7729cd7256d5/element/00000000-0000-0033-ffff-ffff00000021/click &amp#27;[39m&amp#27;[32m200&amp#27;[39m &amp#27;[90m48 ms - 14&amp#27;[39m &amp#27;[90m&amp#27;[39m
&amp#27;[38;5;77m[d4a1b95a]&amp#27;[0m&amp#27;[38;5;86m[HTTP]&amp#27;[0m &amp#27;[37m-->&amp#27;[39m &amp#27;[37mGET&amp#27;[39m &amp#27;[37m/session/d4a1b95a-aaac-4a9c-a6c9-7729cd7256d5/context&amp#27;[39m &amp#27;[90m{}&amp#27;[39m
&amp#27;[38;5;77m[d4a1b95a]&amp#27;[0m&amp#27;[38;5;-183m[AndroidUiautomator2Driver@0804]&amp#27;[0m Calling AppiumDriver.getCurrentContext() with args: ["d4a1b95a-aaac-4a9c-a6c9-7729cd7256d5"]
&amp#27;[38;5;77m[d4a1b95a]&amp#27;[0m&amp#27;[38;5;-183m[AndroidUiautomator2Driver@0804]&amp#27;[0m Responding to client with driver.getCurrentContext() result: "NATIVE_APP"
&amp#27;[38;5;77m[d4a1b95a]&amp#27;[0m&amp#27;[38;5;86m[HTTP]&amp#27;[0m &amp#27;[37m<-- GET /session/d4a1b95a-aaac-4a9c-a6c9-7729cd7256d5/context &amp#27;[39m&amp#27;[32m200&amp#27;[39m &amp#27;[90m0 ms - 22&amp#27;[39m &amp#27;[90m&amp#27;[39m
&amp#27;[38;5;77m[d4a1b95a]&amp#27;[0m&amp#27;[38;5;86m[HTTP]&amp#27;[0m &amp#27;[37m-->&amp#27;[39m &amp#27;[37mPOST&amp#27;[39m &amp#27;[37m/session/d4a1b95a-aaac-4a9c-a6c9-7729cd7256d5/elements&amp#27;[39m &amp#27;[90m{"value":"com.androidsample.generalstore:id/productAddCart","using":"id"}&amp#27;[39m
&amp#27;[38;5;77m[d4a1b95a]&amp#27;[0m&amp#27;[38;5;-183m[AndroidUiautomator2Driver@0804]&amp#27;[0m Calling AppiumDriver.findElements() with args: ["id","com.androidsample.generalstore:id/productAddCart","d4a1b95a-aaac-4a9c-a6c9-7729cd7256d5"]
&amp#27;[38;5;77m[d4a1b95a]&amp#27;[0m&amp#27;[38;5;-183m[AndroidUiautomator2Driver@0804]&amp#27;[0m Valid locator strategies for this request: xpath, id, class name, accessibility id, css selector, -android uiautomator
&amp#27;[38;5;77m[d4a1b95a]&amp#27;[0m&amp#27;[38;5;-183m[AndroidUiautomator2Driver@0804]&amp#27;[0m Waiting up to 10000 ms for condition
&amp#27;[38;5;77m[d4a1b95a]&amp#27;[0m&amp#27;[38;5;-183m[AndroidUiautomator2Driver@0804]&amp#27;[0m Matched '/elements' to command name 'findElements'
&amp#27;[38;5;77m[d4a1b95a]&amp#27;[0m&amp#27;[38;5;-183m[AndroidUiautomator2Driver@0804]&amp#27;[0m Proxying [POST /elements] to [POST http://127.0.0.1:8200/session/ccc822a8-3c70-4f89-80b4-4aed707196b0/elements] with body: {"strategy":"id","selector":"com.androidsample.generalstore:id/productAddCart","context":"","multiple":true}
&amp#27;[38;5;77m[d4a1b95a]&amp#27;[0m&amp#27;[38;5;-183m[AndroidUiautomator2Driver@0804]&amp#27;[0m Got response with status 200: {"sessionId":"ccc822a8-3c70-4f89-80b4-4aed707196b0","value":[{"ELEMENT":"00000000-0000-0035-ffff-ffff00000051","element-6066-11e4-a52e-4f735466cecf":"00000000-0000-0035-ffff-ffff00000051"},{"ELEMENT":"00000000-0000-0035-ffff-ffff00000059","element-6066-11e4-a52e-4f735466cecf":"00000000-0000-0035-ffff-ffff00000059"}]}
&amp#27;[38;5;77m[d4a1b95a]&amp#27;[0m&amp#27;[38;5;-183m[AndroidUiautomator2Driver@0804]&amp#27;[0m Responding to client with driver.findElements() result: [{"element-6066-11e4-a52e-4f735466cecf":"00000000-0000-0035-ffff-ffff00000051","ELEMENT":"00000000-0000-0035-ffff-ffff00000051"},{"element-6066-11e4-a52e-4f735466cecf":"00000000-0000-0035-ffff-ffff00000059","ELEMENT":"00000000-0000-0035-ffff-ffff00000059"}]
&amp#27;[38;5;77m[d4a1b95a]&amp#27;[0m&amp#27;[38;5;86m[HTTP]&amp#27;[0m &amp#27;[37m<-- POST /session/d4a1b95a-aaac-4a9c-a6c9-7729cd7256d5/elements &amp#27;[39m&amp#27;[32m200&amp#27;[39m &amp#27;[90m623 ms - 267&amp#27;[39m &amp#27;[90m&amp#27;[39m
&amp#27;[38;5;77m[d4a1b95a]&amp#27;[0m&amp#27;[38;5;86m[HTTP]&amp#27;[0m &amp#27;[37m-->&amp#27;[39m &amp#27;[37mGET&amp#27;[39m &amp#27;[37m/session/d4a1b95a-aaac-4a9c-a6c9-7729cd7256d5/context&amp#27;[39m &amp#27;[90m{}&amp#27;[39m
&amp#27;[38;5;77m[d4a1b95a]&amp#27;[0m&amp#27;[38;5;-183m[AndroidUiautomator2Driver@0804]&amp#27;[0m Calling AppiumDriver.getCurrentContext() with args: ["d4a1b95a-aaac-4a9c-a6c9-7729cd7256d5"]
&amp#27;[38;5;77m[d4a1b95a]&amp#27;[0m&amp#27;[38;5;-183m[AndroidUiautomator2Driver@0804]&amp#27;[0m Responding to client with driver.getCurrentContext() result: "NATIVE_APP"
&amp#27;[38;5;77m[d4a1b95a]&amp#27;[0m&amp#27;[38;5;86m[HTTP]&amp#27;[0m &amp#27;[37m<-- GET /session/d4a1b95a-aaac-4a9c-a6c9-7729cd7256d5/context &amp#27;[39m&amp#27;[32m200&amp#27;[39m &amp#27;[90m1 ms - 22&amp#27;[39m &amp#27;[90m&amp#27;[39m
&amp#27;[38;5;77m[d4a1b95a]&amp#27;[0m&amp#27;[38;5;86m[HTTP]&amp#27;[0m &amp#27;[37m-->&amp#27;[39m &amp#27;[37mPOST&amp#27;[39m &amp#27;[37m/session/d4a1b95a-aaac-4a9c-a6c9-7729cd7256d5/elements&amp#27;[39m &amp#27;[90m{"value":"com.androidsample.generalstore:id/productAddCart","using":"id"}&amp#27;[39m
&amp#27;[38;5;77m[d4a1b95a]&amp#27;[0m&amp#27;[38;5;-183m[AndroidUiautomator2Driver@0804]&amp#27;[0m Calling AppiumDriver.findElements() with args: ["id","com.androidsample.generalstore:id/productAddCart","d4a1b95a-aaac-4a9c-a6c9-7729cd7256d5"]
&amp#27;[38;5;77m[d4a1b95a]&amp#27;[0m&amp#27;[38;5;-183m[AndroidUiautomator2Driver@0804]&amp#27;[0m Valid locator strategies for this request: xpath, id, class name, accessibility id, css selector, -android uiautomator
&amp#27;[38;5;77m[d4a1b95a]&amp#27;[0m&amp#27;[38;5;-183m[AndroidUiautomator2Driver@0804]&amp#27;[0m Waiting up to 10000 ms for condition
&amp#27;[38;5;77m[d4a1b95a]&amp#27;[0m&amp#27;[38;5;-183m[AndroidUiautomator2Driver@0804]&amp#27;[0m Matched '/elements' to command name 'findElements'
&amp#27;[38;5;77m[d4a1b95a]&amp#27;[0m&amp#27;[38;5;-183m[AndroidUiautomator2Driver@0804]&amp#27;[0m Proxying [POST /elements] to [POST http://127.0.0.1:8200/session/ccc822a8-3c70-4f89-80b4-4aed707196b0/elements] with body: {"strategy":"id","selector":"com.androidsample.generalstore:id/productAddCart","context":"","multiple":true}
&amp#27;[38;5;77m[d4a1b95a]&amp#27;[0m&amp#27;[38;5;-183m[AndroidUiautomator2Driver@0804]&amp#27;[0m Got response with status 200: {"sessionId":"ccc822a8-3c70-4f89-80b4-4aed707196b0","value":[{"ELEMENT":"00000000-0000-0035-ffff-ffff00000051","element-6066-11e4-a52e-4f735466cecf":"00000000-0000-0035-ffff-ffff00000051"},{"ELEMENT":"00000000-0000-0035-ffff-ffff00000059","element-6066-11e4-a52e-4f735466cecf":"00000000-0000-0035-ffff-ffff00000059"}]}
&amp#27;[38;5;77m[d4a1b95a]&amp#27;[0m&amp#27;[38;5;-183m[AndroidUiautomator2Driver@0804]&amp#27;[0m Responding to client with driver.findElements() result: [{"element-6066-11e4-a52e-4f735466cecf":"00000000-0000-0035-ffff-ffff00000051","ELEMENT":"00000000-0000-0035-ffff-ffff00000051"},{"element-6066-11e4-a52e-4f735466cecf":"00000000-0000-0035-ffff-ffff00000059","ELEMENT":"00000000-0000-0035-ffff-ffff00000059"}]
[...]
&amp#27;[38;5;108m[ef9198cc]&amp#27;[0m&amp#27;[38;5;75m[XCUITestDriver@e733]&amp#27;[0m Executing command 'getCurrentContext'
&amp#27;[38;5;108m[ef9198cc]&amp#27;[0m&amp#27;[38;5;75m[XCUITestDriver@e733]&amp#27;[0m Responding to client with driver.getCurrentContext() result: "NATIVE_APP"
&amp#27;[38;5;108m[ef9198cc]&amp#27;[0m&amp#27;[38;5;86m[HTTP]&amp#27;[0m &amp#27;[37m<-- GET /session/ef9198cc-fc8c-4e8e-afe2-130acb1b1b00/context &amp#27;[39m&amp#27;[32m200&amp#27;[39m &amp#27;[90m1 ms - 22&amp#27;[39m &amp#27;[90m&amp#27;[39m
&amp#27;[38;5;108m[ef9198cc]&amp#27;[0m&amp#27;[38;5;86m[HTTP]&amp#27;[0m &amp#27;[37m-->&amp#27;[39m &amp#27;[37mPOST&amp#27;[39m &amp#27;[37m/session/ef9198cc-fc8c-4e8e-afe2-130acb1b1b00/element&amp#27;[39m &amp#27;[90m{"value":"OK","using":"accessibility id"}&amp#27;[39m
&amp#27;[38;5;108m[ef9198cc]&amp#27;[0m&amp#27;[38;5;75m[XCUITestDriver@e733]&amp#27;[0m Calling AppiumDriver.findElement() with args: ["accessibility id","OK","ef9198cc-fc8c-4e8e-afe2-130acb1b1b00"]
&amp#27;[38;5;108m[ef9198cc]&amp#27;[0m&amp#27;[38;5;75m[XCUITestDriver@e733]&amp#27;[0m Executing command 'findElement'
&amp#27;[38;5;108m[ef9198cc]&amp#27;[0m&amp#27;[38;5;75m[XCUITestDriver@e733]&amp#27;[0m Valid locator strategies for this request: xpath, id, name, class name, -ios predicate string, -ios class chain, accessibility id, css selector
&amp#27;[38;5;108m[ef9198cc]&amp#27;[0m&amp#27;[38;5;75m[XCUITestDriver@e733]&amp#27;[0m Waiting up to 10000 ms for condition
&amp#27;[38;5;108m[ef9198cc]&amp#27;[0m&amp#27;[38;5;75m[XCUITestDriver@e733]&amp#27;[0m Matched '/element' to command name 'findElement'
&amp#27;[38;5;108m[ef9198cc]&amp#27;[0m&amp#27;[38;5;75m[XCUITestDriver@e733]&amp#27;[0m Proxying [POST /element] to [POST http://127.0.0.1:8100/session/0C992A42-7FC4-4571-B723-B67A37EC79C9/element] with body: {"using":"accessibility id","value":"OK"}
&amp#27;[38;5;108m[ef9198cc]&amp#27;[0m&amp#27;[38;5;75m[XCUITestDriver@e733]&amp#27;[0m Got response with status 200: {"value":{"ELEMENT":"37010000-0000-0000-D06E-010000000000","element-6066-11e4-a52e-4f735466cecf":"37010000-0000-0000-D06E-010000000000"},"sessionId":"0C992A42-7FC4-4571-B723-B67A37EC79C9"}
&amp#27;[38;5;108m[ef9198cc]&amp#27;[0m&amp#27;[38;5;75m[XCUITestDriver@e733]&amp#27;[0m Responding to client with driver.findElement() result: {"element-6066-11e4-a52e-4f735466cecf":"37010000-0000-0000-D06E-010000000000","ELEMENT":"37010000-0000-0000-D06E-010000000000"}
&amp#27;[38;5;108m[ef9198cc]&amp#27;[0m&amp#27;[38;5;86m[HTTP]&amp#27;[0m &amp#27;[37m<-- POST /session/ef9198cc-fc8c-4e8e-afe2-130acb1b1b00/element &amp#27;[39m&amp#27;[32m200&amp#27;[39m &amp#27;[90m124 ms - 137&amp#27;[39m &amp#27;[90m&amp#27;[39m
&amp#27;[38;5;108m[ef9198cc]&amp#27;[0m&amp#27;[38;5;86m[HTTP]&amp#27;[0m &amp#27;[37m-->&amp#27;[39m &amp#27;[37mPOST&amp#27;[39m &amp#27;[37m/session/ef9198cc-fc8c-4e8e-afe2-130acb1b1b00/element/37010000-0000-0000-D06E-010000000000/click&amp#27;[39m &amp#27;[90m{"id":"37010000-0000-0000-D06E-010000000000"}&amp#27;[39m
&amp#27;[38;5;108m[ef9198cc]&amp#27;[0m&amp#27;[38;5;75m[XCUITestDriver@e733]&amp#27;[0m Driver proxy active, passing request on via HTTP proxy
&amp#27;[38;5;108m[ef9198cc]&amp#27;[0m&amp#27;[38;5;75m[XCUITestDriver@e733]&amp#27;[0m Executing command 'proxyReqRes'
&amp#27;[38;5;108m[ef9198cc]&amp#27;[0m&amp#27;[38;5;75m[XCUITestDriver@e733]&amp#27;[0m Matched '/session/ef9198cc-fc8c-4e8e-afe2-130acb1b1b00/element/37010000-0000-0000-D06E-010000000000/click' to command name 'click'
&amp#27;[38;5;108m[ef9198cc]&amp#27;[0m&amp#27;[38;5;75m[XCUITestDriver@e733]&amp#27;[0m Proxying [POST /session/ef9198cc-fc8c-4e8e-afe2-130acb1b1b00/element/37010000-0000-0000-D06E-010000000000/click] to [POST http://127.0.0.1:8100/session/0C992A42-7FC4-4571-B723-B67A37EC79C9/element/37010000-0000-0000-D06E-010000000000/click] with body: {"id":"37010000-0000-0000-D06E-010000000000"}
&amp#27;[38;5;108m[ef9198cc]&amp#27;[0m&amp#27;[38;5;75m[XCUITestDriver@e733]&amp#27;[0m Got response with status 200: {"value":null,"sessionId":"0C992A42-7FC4-4571-B723-B67A37EC79C9"}
&amp#27;[38;5;108m[ef9198cc]&amp#27;[0m&amp#27;[38;5;75m[XCUITestDriver@e733]&amp#27;[0m Replacing sessionId 0C992A42-7FC4-4571-B723-B67A37EC79C9 with ef9198cc-fc8c-4e8e-afe2-130acb1b1b00
&amp#27;[38;5;108m[ef9198cc]&amp#27;[0m&amp#27;[38;5;86m[HTTP]&amp#27;[0m &amp#27;[37m<-- POST /session/ef9198cc-fc8c-4e8e-afe2-130acb1b1b00/element/37010000-0000-0000-D06E-010000000000/click &amp#27;[39m&amp#27;[32m200&amp#27;[39m &amp#27;[90m705 ms - 65&amp#27;[39m &amp#27;[90m&amp#27;[39m
&amp#27;[38;5;108m[ef9198cc]&amp#27;[0m&amp#27;[38;5;86m[HTTP]&amp#27;[0m &amp#27;[37m-->&amp#27;[39m &amp#27;[37mGET&amp#27;[39m &amp#27;[37m/session/ef9198cc-fc8c-4e8e-afe2-130acb1b1b00/context&amp#27;[39m &amp#27;[90m{}&amp#27;[39m
&amp#27;[38;5;108m[ef9198cc]&amp#27;[0m&amp#27;[38;5;75m[XCUITestDriver@e733]&amp#27;[0m Calling AppiumDriver.getCurrentContext() with args: ["ef9198cc-fc8c-4e8e-afe2-130acb1b1b00"]
&amp#27;[38;5;108m[ef9198cc]&amp#27;[0m&amp#27;[38;5;75m[XCUITestDriver@e733]&amp#27;[0m Executing command 'getCurrentContext'
&amp#27;[38;5;108m[ef9198cc]&amp#27;[0m&amp#27;[38;5;75m[XCUITestDriver@e733]&amp#27;[0m Responding to client with driver.getCurrentContext() result: "NATIVE_APP"
&amp#27;[38;5;108m[ef9198cc]&amp#27;[0m&amp#27;[38;5;86m[HTTP]&amp#27;[0m &amp#27;[37m<-- GET /session/ef9198cc-fc8c-4e8e-afe2-130acb1b1b00/context &amp#27;[39m&amp#27;[32m200&amp#27;[39m &amp#27;[90m3 ms - 22&amp#27;[39m &amp#27;[90m&amp#27;[39m
&amp#27;[38;5;108m[ef9198cc]&amp#27;[0m&amp#27;[38;5;86m[HTTP]&amp#27;[0m &amp#27;[37m-->&amp#27;[39m &amp#27;[37mPOST&amp#27;[39m &amp#27;[37m/session/ef9198cc-fc8c-4e8e-afe2-130acb1b1b00/element&amp#27;[39m &amp#27;[90m{"value":"name == 'Confirm / Cancel'","using":"-ios predicate string"}&amp#27;[39m
&amp#27;[38;5;108m[ef9198cc]&amp#27;[0m&amp#27;[38;5;75m[XCUITestDriver@e733]&amp#27;[0m Calling AppiumDriver.findElement() with args: ["-ios predicate string","name == 'Confirm / Cancel'","ef9198cc-fc8c-4e8e-afe2-130acb1b1b00"]
&amp#27;[38;5;108m[ef9198cc]&amp#27;[0m&amp#27;[38;5;75m[XCUITestDriver@e733]&amp#27;[0m Executing command 'findElement'
&amp#27;[38;5;108m[ef9198cc]&amp#27;[0m&amp#27;[38;5;75m[XCUITestDriver@e733]&amp#27;[0m Valid locator strategies for this request: xpath, id, name, class name, -ios predicate string, -ios class chain, accessibility id, css selector
&amp#27;[38;5;108m[ef9198cc]&amp#27;[0m&amp#27;[38;5;75m[XCUITestDriver@e733]&amp#27;[0m Waiting up to 10000 ms for condition
&amp#27;[38;5;108m[ef9198cc]&amp#27;[0m&amp#27;[38;5;75m[XCUITestDriver@e733]&amp#27;[0m Matched '/element' to command name 'findElement'
&amp#27;[38;5;108m[ef9198cc]&amp#27;[0m&amp#27;[38;5;75m[XCUITestDriver@e733]&amp#27;[0m Proxying [POST /element] to [POST http://127.0.0.1:8100/session/0C992A42-7FC4-4571-B723-B67A37EC79C9/element] with body: {"using":"predicate string","value":"name == 'Confirm / Cancel'"}
&amp#27;[38;5;108m[ef9198cc]&amp#27;[0m&amp#27;[38;5;75m[XCUITestDriver@e733]&amp#27;[0m Got response with status 200: {"value":{"ELEMENT":"CB000000-0000-0000-D06E-010000000000","element-6066-11e4-a52e-4f735466cecf":"CB000000-0000-0000-D06E-010000000000"},"sessionId":"0C992A42-7FC4-4571-B723-B67A37EC79C9"}
&amp#27;[38;5;108m[ef9198cc]&amp#27;[0m&amp#27;[38;5;75m[XCUITestDriver@e733]&amp#27;[0m Responding to client with driver.findElement() result: {"element-6066-11e4-a52e-4f735466cecf":"CB000000-0000-0000-D06E-010000000000","ELEMENT":"CB000000-0000-0000-D06E-010000000000"}
&amp#27;[38;5;108m[ef9198cc]&amp#27;[0m&amp#27;[38;5;86m[HTTP]&amp#27;[0m &amp#27;[37m<-- POST /session/ef9198cc-fc8c-4e8e-afe2-130acb1b1b00/element &amp#27;[39m&amp#27;[32m200&amp#27;[39m &amp#27;[90m60 ms - 137&amp#27;[39m &amp#27;[90m&amp#27;[39m
&amp#27;[38;5;108m[ef9198cc]&amp#27;[0m&amp#27;[38;5;86m[HTTP]&amp#27;[0m &amp#27;[37m-->&amp#27;[39m &amp#27;[37mPOST&amp#27;[39m &amp#27;[37m/session/ef9198cc-fc8c-4e8e-afe2-130acb1b1b00/element/CB000000-0000-0000-D06E-010000000000/click&amp#27;[39m &amp#27;[90m{"id":"CB000000-0000-0000-D06E-010000000000"}&amp#27;[39m
&amp#27;[38;5;108m[ef9198cc]&amp#27;[0m&amp#27;[38;5;75m[XCUITestDriver@e733]&amp#27;[0m Driver proxy active, passing request on via HTTP proxy
&amp#27;[38;5;108m[ef9198cc]&amp#27;[0m&amp#27;[38;5;75m[XCUITestDriver@e733]&amp#27;[0m Executing command 'proxyReqRes'
&amp#27;[38;5;108m[ef9198cc]&amp#27;[0m&amp#27;[38;5;75m[XCUITestDriver@e733]&amp#27;[0m Matched '/session/ef9198cc-fc8c-4e8e-afe2-130acb1b1b00/element/CB000000-0000-0000-D06E-010000000000/click' to command name 'click'
&amp#27;[38;5;108m[ef9198cc]&amp#27;[0m&amp#27;[38;5;75m[XCUITestDriver@e733]&amp#27;[0m Proxying [POST /session/ef9198cc-fc8c-4e8e-afe2-130acb1b1b00/element/CB000000-0000-0000-D06E-010000000000/click] to [POST http://127.0.0.1:8100/session/0C992A42-7FC4-4571-B723-B67A37EC79C9/element/CB000000-0000-0000-D06E-010000000000/click] with body: {"id":"CB000000-0000-0000-D06E-010000000000"}
&amp#27;[38;5;108m[ef9198cc]&amp#27;[0m&amp#27;[38;5;75m[XCUITestDriver@e733]&amp#27;[0m Got response with status 200: {"value":null,"sessionId":"0C992A42-7FC4-4571-B723-B67A37EC79C9"}
&amp#27;[38;5;108m[ef9198cc]&amp#27;[0m&amp#27;[38;5;75m[XCUITestDriver@e733]&amp#27;[0m Replacing sessionId 0C992A42-7FC4-4571-B723-B67A37EC79C9 with ef9198cc-fc8c-4e8e-afe2-130acb1b1b00
&amp#27;[38;5;108m[ef9198cc]&amp#27;[0m&amp#27;[38;5;86m[HTTP]&amp#27;[0m &amp#27;[37m<-- POST /session/ef9198cc-fc8c-4e8e-afe2-130acb1b1b00/element/CB000000-0000-0000-D06E-010000000000/click &amp#27;[39m&amp#27;[32m200&amp#27;[39m &amp#27;[90m641 ms - 65&amp#27;[39m &amp#27;[90m&amp#27;[39m
&amp#27;[38;5;108m[ef9198cc]&amp#27;[0m&amp#27;[38;5;86m[HTTP]&amp#27;[0m &amp#27;[37m-->&amp#27;[39m &amp#27;[37mGET&amp#27;[39m &amp#27;[37m/session/ef9198cc-fc8c-4e8e-afe2-130acb1b1b00/context&amp#27;[39m &amp#27;[90m{}&amp#27;[39m
&amp#27;[38;5;108m[ef9198cc]&amp#27;[0m&amp#27;[38;5;75m[XCUITestDriver@e733]&amp#27;[0m Calling AppiumDriver.getCurrentContext() with args: ["ef9198cc-fc8c-4e8e-afe2-130acb1b1b00"]
&amp#27;[38;5;108m[ef9198cc]&amp#27;[0m&amp#27;[38;5;75m[XCUITestDriver@e733]&amp#27;[0m Executing command 'getCurrentContext'
&amp#27;[38;5;108m[ef9198cc]&amp#27;[0m&amp#27;[38;5;75m[XCUITestDriver@e733]&amp#27;[0m Responding to client with driver.getCurrentContext() result: "NATIVE_APP"
&amp#27;[38;5;108m[ef9198cc]&amp#27;[0m&amp#27;[38;5;86m[HTTP]&amp#27;[0m &amp#27;[37m<-- GET /session/ef9198cc-fc8c-4e8e-afe2-130acb1b1b00/context &amp#27;[39m&amp#27;[32m200&amp#27;[39m &amp#27;[90m1 ms - 22&amp#27;[39m &amp#27;[90m&amp#27;[39m
&amp#27;[38;5;108m[ef9198cc]&amp#27;[0m&amp#27;[38;5;86m[HTTP]&amp#27;[0m &amp#27;[37m-->&amp#27;[39m &amp#27;[37mPOST&amp#27;[39m &amp#27;[37m/session/ef9198cc-fc8c-4e8e-afe2-130acb1b1b00/element&amp#27;[39m &amp#27;[90m{"value":"type == 'XCUIElementTypeStaticText' AND name BEGINSWITH[c] 'A message'","using":"-ios predicate string"}&amp#27;[39m
&amp#27;[38;5;108m[ef9198cc]&amp#27;[0m&amp#27;[38;5;75m[XCUITestDriver@e733]&amp#27;[0m Calling AppiumDriver.findElement() with args: ["-ios predicate string","type == 'XCUIElementTypeStaticText' AND name BEGINSWITH[c] 'A message'","ef9198cc-fc8c-4e8e-afe2-130acb1b1b00"]
&amp#27;[38;5;108m[ef9198cc]&amp#27;[0m&amp#27;[38;5;75m[XCUITestDriver@e733]&amp#27;[0m Executing command 'findElement'
&amp#27;[38;5;108m[ef9198cc]&amp#27;[0m&amp#27;[38;5;75m[XCUITestDriver@e733]&amp#27;[0m Valid locator strategies for this request: xpath, id, name, class name, -ios predicate string, -ios class chain, accessibility id, css selector
&amp#27;[38;5;108m[ef9198cc]&amp#27;[0m&amp#27;[38;5;75m[XCUITestDriver@e733]&amp#27;[0m Waiting up to 10000 ms for condition
&amp#27;[38;5;108m[ef9198cc]&amp#27;[0m&amp#27;[38;5;75m[XCUITestDriver@e733]&amp#27;[0m Matched '/element' to command name 'findElement'
&amp#27;[38;5;108m[ef9198cc]&amp#27;[0m&amp#27;[38;5;75m[XCUITestDriver@e733]&amp#27;[0m Proxying [POST /element] to [POST http://127.0.0.1:8100/session/0C992A42-7FC4-4571-B723-B67A37EC79C9/element] with body: {"using":"predicate string","value":"type == 'XCUIElementTypeStaticText' AND name BEGINSWITH[c] 'A message'"}
&amp#27;[38;5;108m[ef9198cc]&amp#27;[0m&amp#27;[38;5;75m[XCUITestDriver@e733]&amp#27;[0m Got response with status 200: {"value":{"ELEMENT":"72010000-0000-0000-D06E-010000000000","element-6066-11e4-a52e-4f735466cecf":"72010000-0000-0000-D06E-010000000000"},"sessionId":"0C992A42-7FC4-4571-B723-B67A37EC79C9"}
&amp#27;[38;5;108m[ef9198cc]&amp#27;[0m&amp#27;[38;5;75m[XCUITestDriver@e733]&amp#27;[0m Responding to client with driver.findElement() result: {"element-6066-11e4-a52e-4f735466cecf":"72010000-0000-0000-D06E-010000000000","ELEMENT":"72010000-0000-0000-D06E-010000000000"}
&amp#27;[38;5;108m[ef9198cc]&amp#27;[0m&amp#27;[38;5;86m[HTTP]&amp#27;[0m &amp#27;[37m<-- POST /session/ef9198cc-fc8c-4e8e-afe2-130acb1b1b00/element &amp#27;[39m&amp#27;[32m200&amp#27;[39m &amp#27;[90m95 ms - 137&amp#27;[39m &amp#27;[90m&amp#27;[39m
&amp#27;[38;5;108m[ef9198cc]&amp#27;[0m&amp#27;[38;5;86m[HTTP]&amp#27;[0m &amp#27;[37m-->&amp#27;[39m &amp#27;[37mGET&amp#27;[39m &amp#27;[37m/session/ef9198cc-fc8c-4e8e-afe2-130acb1b1b00/element/72010000-0000-0000-D06E-010000000000/text&amp#27;[39m &amp#27;[90m{}&amp#27;[39m
&amp#27;[38;5;108m[ef9198cc]&amp#27;[0m&amp#27;[38;5;75m[XCUITestDriver@e733]&amp#27;[0m Driver proxy active, passing request on via HTTP proxy
&amp#27;[38;5;108m[ef9198cc]&amp#27;[0m&amp#27;[38;5;75m[XCUITestDriver@e733]&amp#27;[0m Executing command 'proxyReqRes'
&amp#27;[38;5;108m[ef9198cc]&amp#27;[0m&amp#27;[38;5;75m[XCUITestDriver@e733]&amp#27;[0m Matched '/session/ef9198cc-fc8c-4e8e-afe2-130acb1b1b00/element/72010000-0000-0000-D06E-010000000000/text' to command name 'getText'
&amp#27;[38;5;108m[ef9198cc]&amp#27;[0m&amp#27;[38;5;75m[XCUITestDriver@e733]&amp#27;[0m Proxying [GET /session/ef9198cc-fc8c-4e8e-afe2-130acb1b1b00/element/72010000-0000-0000-D06E-010000000000/text] to [GET http://127.0.0.1:8100/session/0C992A42-7FC4-4571-B723-B67A37EC79C9/element/72010000-0000-0000-D06E-010000000000/text] with no body
&amp#27;[38;5;108m[ef9198cc]&amp#27;[0m&amp#27;[38;5;75m[XCUITestDriver@e733]&amp#27;[0m Got response with status 200: {"value":"A message should be a short, complete sentence.","sessionId":"0C992A42-7FC4-4571-B723-B67A37EC79C9"}
&amp#27;[38;5;108m[ef9198cc]&amp#27;[0m&amp#27;[38;5;75m[XCUITestDriver@e733]&amp#27;[0m Replacing sessionId 0C992A42-7FC4-4571-B723-B67A37EC79C9 with ef9198cc-fc8c-4e8e-afe2-130acb1b1b00
&amp#27;[38;5;108m[ef9198cc]&amp#27;[0m&amp#27;[38;5;86m[HTTP]&amp#27;[0m &amp#27;[37m<-- GET /session/ef9198cc-fc8c-4e8e-afe2-130acb1b1b00/element/72010000-0000-0000-D06E-010000000000/text &amp#27;[39m&amp#27;[32m200&amp#27;[39m &amp#27;[90m35 ms - 110&amp#27;[39m &amp#27;[90m&amp#27;[39m
&amp#27;[38;5;108m[ef9198cc]&amp#27;[0m&amp#27;[38;5;86m[HTTP]&amp#27;[0m &amp#27;[37m-->&amp#27;[39m &amp#27;[37mGET&amp#27;[39m &amp#27;[37m/session/ef9198cc-fc8c-4e8e-afe2-130acb1b1b00/context&amp#27;[39m &amp#27;[90m{}&amp#27;[39m
&amp#27;[38;5;108m[ef9198cc]&amp#27;[0m&amp#27;[38;5;75m[XCUITestDriver@e733]&amp#27;[0m Calling AppiumDriver.getCurrentContext() with args: ["ef9198cc-fc8c-4e8e-afe2-130acb1b1b00"]
&amp#27;[38;5;108m[ef9198cc]&amp#27;[0m&amp#27;[38;5;75m[XCUITestDriver@e733]&amp#27;[0m Executing command 'getCurrentContext'
&amp#27;[38;5;108m[ef9198cc]&amp#27;[0m&amp#27;[38;5;75m[XCUITestDriver@e733]&amp#27;[0m Responding to client with driver.getCurrentContext() result: "NATIVE_APP"
&amp#27;[38;5;108m[ef9198cc]&amp#27;[0m&amp#27;[38;5;86m[HTTP]&amp#27;[0m &amp#27;[37m<-- GET /session/ef9198cc-fc8c-4e8e-afe2-130acb1b1b00/context &amp#27;[39m&amp#27;[32m200&amp#27;[39m &amp#27;[90m1 ms - 22&amp#27;[39m &amp#27;[90m&amp#27;[39m
&amp#27;[38;5;108m[ef9198cc]&amp#27;[0m&amp#27;[38;5;86m[HTTP]&amp#27;[0m &amp#27;[37m-->&amp#27;[39m &amp#27;[37mPOST&amp#27;[39m &amp#27;[37m/session/ef9198cc-fc8c-4e8e-afe2-130acb1b1b00/element&amp#27;[39m &amp#27;[90m{"value":"label == 'Confirm'","using":"-ios predicate string"}&amp#27;[39m
&amp#27;[38;5;108m[ef9198cc]&amp#27;[0m&amp#27;[38;5;75m[XCUITestDriver@e733]&amp#27;[0m Calling AppiumDriver.findElement() with args: ["-ios predicate string","label == 'Confirm'","ef9198cc-fc8c-4e8e-afe2-130acb1b1b00"]
&amp#27;[38;5;108m[ef9198cc]&amp#27;[0m&amp#27;[38;5;75m[XCUITestDriver@e733]&amp#27;[0m Executing command 'findElement'
&amp#27;[38;5;108m[ef9198cc]&amp#27;[0m&amp#27;[38;5;75m[XCUITestDriver@e733]&amp#27;[0m Valid locator strategies for this request: xpath, id, name, class name, -ios predicate string, -ios class chain, accessibility id, css selector
&amp#27;[38;5;108m[ef9198cc]&amp#27;[0m&amp#27;[38;5;75m[XCUITestDriver@e733]&amp#27;[0m Waiting up to 10000 ms for condition
&amp#27;[38;5;108m[ef9198cc]&amp#27;[0m&amp#27;[38;5;75m[XCUITestDriver@e733]&amp#27;[0m Matched '/element' to command name 'findElement'
&amp#27;[38;5;108m[ef9198cc]&amp#27;[0m&amp#27;[38;5;75m[XCUITestDriver@e733]&amp#27;[0m Proxying [POST /element] to [POST http://127.0.0.1:8100/session/0C992A42-7FC4-4571-B723-B67A37EC79C9/element] with body: {"using":"predicate string","value":"label == 'Confirm'"}
&amp#27;[38;5;108m[ef9198cc]&amp#27;[0m&amp#27;[38;5;75m[XCUITestDriver@e733]&amp#27;[0m Got response with status 200: {"value":{"ELEMENT":"73010000-0000-0000-D06E-010000000000","element-6066-11e4-a52e-4f735466cecf":"73010000-0000-0000-D06E-010000000000"},"sessionId":"0C992A42-7FC4-4571-B723-B67A37EC79C9"}
&amp#27;[38;5;108m[ef9198cc]&amp#27;[0m&amp#27;[38;5;75m[XCUITestDriver@e733]&amp#27;[0m Responding to client with driver.findElement() result: {"element-6066-11e4-a52e-4f735466cecf":"73010000-0000-0000-D06E-010000000000","ELEMENT":"73010000-0000-0000-D06E-010000000000"}
&amp#27;[38;5;108m[ef9198cc]&amp#27;[0m&amp#27;[38;5;86m[HTTP]&amp#27;[0m &amp#27;[37m<-- POST /session/ef9198cc-fc8c-4e8e-afe2-130acb1b1b00/element &amp#27;[39m&amp#27;[32m200&amp#27;[39m &amp#27;[90m63 ms - 137&amp#27;[39m &amp#27;[90m&amp#27;[39m
&amp#27;[38;5;108m[ef9198cc]&amp#27;[0m&amp#27;[38;5;86m[HTTP]&amp#27;[0m &amp#27;[37m-->&amp#27;[39m &amp#27;[37mPOST&amp#27;[39m &amp#27;[37m/session/ef9198cc-fc8c-4e8e-afe2-130acb1b1b00/element/73010000-0000-0000-D06E-010000000000/click&amp#27;[39m &amp#27;[90m{"id":"73010000-0000-0000-D06E-010000000000"}&amp#27;[39m
&amp#27;[38;5;108m[ef9198cc]&amp#27;[0m&amp#27;[38;5;75m[XCUITestDriver@e733]&amp#27;[0m Driver proxy active, passing request on via HTTP proxy
&amp#27;[38;5;108m[ef9198cc]&amp#27;[0m&amp#27;[38;5;75m[XCUITestDriver@e733]&amp#27;[0m Executing command 'proxyReqRes'
&amp#27;[38;5;108m[ef9198cc]&amp#27;[0m&amp#27;[38;5;75m[XCUITestDriver@e733]&amp#27;[0m Matched '/session/ef9198cc-fc8c-4e8e-afe2-130acb1b1b00/element/73010000-0000-0000-D06E-010000000000/click' to command name 'click'
&amp#27;[38;5;108m[ef9198cc]&amp#27;[0m&amp#27;[38;5;75m[XCUITestDriver@e733]&amp#27;[0m Proxying [POST /session/ef9198cc-fc8c-4e8e-afe2-130acb1b1b00/element/73010000-0000-0000-D06E-010000000000/click] to [POST http://127.0.0.1:8100/session/0C992A42-7FC4-4571-B723-B67A37EC79C9/element/73010000-0000-0000-D06E-010000000000/click] with body: {"id":"73010000-0000-0000-D06E-010000000000"}
&amp#27;[38;5;108m[ef9198cc]&amp#27;[0m&amp#27;[38;5;75m[XCUITestDriver@e733]&amp#27;[0m Got response with status 200: {"value":null,"sessionId":"0C992A42-7FC4-4571-B723-B67A37EC79C9"}
&amp#27;[38;5;108m[ef9198cc]&amp#27;[0m&amp#27;[38;5;75m[XCUITestDriver@e733]&amp#27;[0m Replacing sessionId 0C992A42-7FC4-4571-B723-B67A37EC79C9 with ef9198cc-fc8c-4e8e-afe2-130acb1b1b00
&amp#27;[38;5;108m[ef9198cc]&amp#27;[0m&amp#27;[38;5;86m[HTTP]&amp#27;[0m &amp#27;[37m<-- POST /session/ef9198cc-fc8c-4e8e-afe2-130acb1b1b00/element/73010000-0000-0000-D06E-010000000000/click &amp#27;[39m&amp#27;[32m200&amp#27;[39m &amp#27;[90m571 ms - 65&amp#27;[39m &amp#27;[90m&amp#27;[39m
]]></system-out>
  </testcase>
</testsuite>